TN:
SF:/home/z.allen/cx-git/centrallix-lib/src/cxsec.c
FN:33,cxsecCheckCanary
FN:45,cxsecInitialize
FN:58,cxsecInitDS
FN:72,cxsecVerifyDS
FN:91,cxsecUpdateDS
FN:117,cxsecVerifySymbol
FN:141,cxsecVerifySymbol_n
FNDA:0,cxsecCheckCanary
FNDA:0,cxsecInitialize
FNDA:0,cxsecInitDS
FNDA:0,cxsecVerifyDS
FNDA:0,cxsecUpdateDS
FNDA:0,cxsecVerifySymbol
FNDA:0,cxsecVerifySymbol_n
FNF:7
FNH:0
DA:33,0
DA:35,0
DA:37,0
DA:38,0
DA:40,0
DA:45,0
DA:48,0
DA:49,0
DA:58,0
DA:61,0
DA:62,0
DA:63,0
DA:64,0
DA:65,0
DA:66,0
DA:67,0
DA:68,0
DA:72,0
DA:75,0
DA:76,0
DA:78,0
DA:79,0
DA:81,0
DA:82,0
DA:84,0
DA:85,0
DA:87,0
DA:91,0
DA:94,0
DA:95,0
DA:97,0
DA:98,0
DA:100,0
DA:101,0
DA:102,0
DA:103,0
DA:104,0
DA:117,0
DA:125,0
DA:129,0
DA:130,0
DA:132,0
DA:134,0
DA:141,0
DA:149,0
DA:151,0
DA:154,0
DA:155,0
DA:157,0
DA:159,0
DA:160,0
LF:51
LH:0
end_of_record
TN:
SF:/home/z.allen/cx-git/centrallix-lib/src/b+tree.c
FN:35,bpt_i_new_BPNode
FN:56,bpt_i_Split_Child
FN:116,bpt_i_Insert_Nonfull
FN:174,bptNew
FN:199,bptAdd
FN:251,bpt_i_Find_Key_In_Node
FN:285,bptRemove
FN:564,bptSize
FN:571,bptIsEmpty
FN:578,bpt_i_FindReplacementKey
FN:601,bptInit
FN:626,bptInit_I_Node
FN:647,bptDeInit
FN:668,bptFree
FN:692,bpt_i_Compare
FN:712,bptLookup
FN:732,bpt_I_Lookup
FN:750,bpt_I_LookupNode
FN:771,bptFront
FN:801,bptBack
FN:832,bptFromLookup
FN:885,bptNext
FN:928,bptPrev
FN:970,bptIterFree
FN:988,bpt_i_Clear
FN:1023,bptBulkLoad
FN:1056,printTree2
FN:1077,printTree
FN:1107,printPtr
FN:1121,testTree
FN:1129,testTree_inner
FN:1198,automatedTree
FNDA:109509,bpt_i_new_BPNode
FNDA:27018,bpt_i_Split_Child
FNDA:658395,bpt_i_Insert_Nonfull
FNDA:80417,bptNew
FNDA:1258473,bptAdd
FNDA:1880653,bpt_i_Find_Key_In_Node
FNDA:226733,bptRemove
FNDA:10,bptSize
FNDA:440045,bptIsEmpty
FNDA:199,bpt_i_FindReplacementKey
FNDA:1,bptInit
FNDA:109509,bptInit_I_Node
FNDA:80341,bptDeInit
FNDA:2,bptFree
FNDA:8312364,bpt_i_Compare
FNDA:1485208,bptLookup
FNDA:434472,bpt_I_Lookup
FNDA:15,bpt_I_LookupNode
FNDA:440014,bptFront
FNDA:10,bptBack
FNDA:11,bptFromLookup
FNDA:20200109,bptNext
FNDA:4,bptPrev
FNDA:5,bptIterFree
FNDA:80611,bpt_i_Clear
FNDA:0,bptBulkLoad
FNDA:0,printTree2
FNDA:501,printTree
FNDA:1006,printPtr
FNDA:6948,testTree
FNDA:53830,testTree_inner
FNDA:29,automatedTree
FNF:32
FNH:30
DA:35,109509
DA:37,109509
DA:39,109509
DA:40,109509
DA:42,109509
DA:44,109509
DA:47,0
DA:49,0
DA:56,27018
DA:59,27018
DA:60,27018
DA:65,27018
DA:68,27018
DA:69,27018
DA:71,27018
DA:73,27018
DA:74,27018
DA:76,27018
DA:78,26471
DA:79,26471
DA:80,26471
DA:81,26471
DA:82,26471
DA:86,547
DA:87,547
DA:88,547
DA:91,27018
DA:92,27018
DA:94,27018
DA:97,27018
DA:98,27018
DA:99,27018
DA:100,27018
DA:101,27018
DA:102,27018
DA:105,27018
DA:106,27018
DA:109,0
DA:111,0
DA:116,658395
DA:119,658395
DA:120,658395
DA:123,916234
DA:126,916234
DA:127,916234
DA:129,1325431
DA:131,8641
DA:132,8641
DA:133,8641
DA:134,8641
DA:137,658395
DA:138,658395
DA:140,658395
DA:142,658395
DA:143,658395
DA:144,658395
DA:146,658395
DA:147,658395
DA:151,523190
DA:153,7512
DA:156,257839
DA:157,257839
DA:159,24945
DA:160,24945
DA:163,257839
DA:165,257839
DA:168,0
DA:170,0
DA:174,80417
DA:176,80417
DA:177,80417
DA:179,80417
DA:180,80417
DA:182,80417
DA:183,80417
DA:185,80417
DA:186,80417
DA:188,80417
DA:191,0
DA:192,0
DA:194,0
DA:199,1258473
DA:201,1258473
DA:203,1258473
DA:205,1258470
DA:208,1258470
DA:210,1258470
DA:217,600075
DA:220,658395
DA:223,2073
DA:224,2073
DA:226,2073
DA:227,2073
DA:228,2073
DA:230,2073
DA:233,658395
DA:235,658395
DA:236,658395
DA:239,600078
DA:241,0
DA:242,0
DA:244,600078
DA:251,1880653
DA:255,1880653
DA:256,6177848
DA:258,5519907
DA:259,5519907
DA:262,1880653
DA:264,1880653
DA:266,1880653
DA:285,226733
DA:291,226733
DA:293,220536
DA:294,220536
DA:298,395423
DA:299,395423
DA:301,220700
DA:303,220536
DA:304,220536
DA:305,220536
DA:306,220536
DA:307,220536
DA:308,220536
DA:309,220536
DA:313,164
DA:314,164
DA:316,164
DA:318,91
DA:319,91
DA:323,73
DA:324,73
DA:326,73
DA:329,58
DA:331,58
DA:333,23
DA:334,23
DA:335,23
DA:336,23
DA:340,35
DA:341,35
DA:342,35
DA:343,35
DA:344,35
DA:347,58
DA:348,58
DA:351,58
DA:352,58
DA:354,15
DA:357,0
DA:358,0
DA:359,0
DA:361,0
DA:362,0
DA:364,0
DA:365,0
DA:369,0
DA:370,0
DA:373,0
DA:376,0
DA:377,0
DA:378,0
DA:379,0
DA:383,15
DA:385,0
DA:386,0
DA:388,120
DA:390,105
DA:392,135
DA:394,120
DA:396,15
DA:397,138
DA:399,123
DA:401,138
DA:403,123
DA:405,15
DA:406,15
DA:407,15
DA:412,164
DA:414,0
DA:416,0
DA:420,0
DA:422,0
DA:424,164
DA:425,164
DA:426,164
DA:434,174723
DA:435,174723
DA:436,174723
DA:437,174723
DA:439,52166
DA:441,65
DA:442,65
DA:443,65
DA:454,65
DA:456,63
DA:460,2
DA:462,65
DA:464,65
DA:466,65
DA:468,52101
DA:478,30044
DA:479,30044
DA:480,30044
DA:483,30044
DA:486,30044
DA:487,30044
DA:488,30044
DA:493,22057
DA:496,41
DA:497,41
DA:498,41
DA:503,22016
DA:506,22057
DA:508,22038
DA:509,22038
DA:510,22038
DA:512,22038
DA:513,22038
DA:518,19
DA:519,19
DA:520,19
DA:521,19
DA:526,22057
DA:527,22057
DA:528,22057
DA:529,22057
DA:532,22057
DA:534,2002
DA:536,2002
DA:538,2002
DA:539,2002
DA:544,0
DA:545,0
DA:546,0
DA:548,2002
DA:552,174723
DA:553,174723
DA:554,174723
DA:556,174887
DA:559,6197
DA:564,10
DA:566,10
DA:571,440045
DA:573,440045
DA:578,402
DA:583,402
DA:584,402
DA:585,402
DA:587,398
DA:592,203
DA:595,203
DA:601,1
DA:603,1
DA:605,1
DA:608,1
DA:610,1
DA:611,1
DA:613,1
DA:614,1
DA:616,1
DA:619,0
DA:621,0
DA:626,109509
DA:628,109509
DA:630,109509
DA:632,109509
DA:633,109509
DA:634,109509
DA:636,109509
DA:640,0
DA:647,80341
DA:651,80341
DA:652,80341
DA:654,80341
DA:655,80340
DA:657,80340
DA:661,1
DA:668,2
DA:670,2
DA:672,2
DA:674,2
DA:676,2
DA:677,2
DA:679,2
DA:683,0
DA:692,8312364
DA:697,8312364
DA:700,8312364
DA:703,8312364
DA:705,1044567
DA:708,8312364
DA:712,1485208
DA:715,1485208
DA:718,1485208
DA:720,1105831
DA:721,1105831
DA:725,379377
DA:726,379377
DA:727,379377
DA:732,434472
DA:736,434472
DA:738,379377
DA:739,379377
DA:743,55095
DA:744,55095
DA:745,55095
DA:750,15
DA:754,15
DA:756,11
DA:757,11
DA:761,4
DA:762,4
DA:763,4
DA:771,440014
DA:773,440014
DA:775,440014
DA:777,436014
DA:778,436014
DA:780,436014
DA:781,1212037
DA:783,340009
DA:785,436014
DA:786,436014
DA:787,436014
DA:788,436014
DA:789,436014
DA:792,4000
DA:794,4000
DA:801,10
DA:803,10
DA:805,10
DA:807,10
DA:808,10
DA:810,10
DA:811,27
DA:813,7
DA:815,10
DA:816,10
DA:817,10
DA:818,10
DA:819,10
DA:822,0
DA:824,0
DA:832,11
DA:836,11
DA:838,11
DA:840,11
DA:842,11
DA:844,0
DA:845,0
DA:847,0
DA:848,0
DA:850,0
DA:851,0
DA:852,0
DA:853,0
DA:855,0
DA:859,11
DA:860,11
DA:861,11
DA:862,11
DA:864,11
DA:865,11
DA:867,11
DA:868,11
DA:869,11
DA:870,11
DA:872,0
DA:875,11
DA:878,0
DA:880,0
DA:885,20200109
DA:888,20200109
DA:890,20200081
DA:892,2336006
DA:894,436002
DA:898,1900004
DA:899,1900004
DA:902,17864075
DA:907,28
DA:909,2
DA:911,1
DA:915,1
DA:916,1
DA:919,26
DA:922,20200109
DA:923,20200109
DA:924,20200109
DA:928,4
DA:931,4
DA:933,2
DA:935,2
DA:937,1
DA:941,1
DA:942,1
DA:945,0
DA:950,2
DA:952,1
DA:954,1
DA:958,0
DA:959,0
DA:962,1
DA:964,4
DA:965,4
DA:966,4
DA:970,5
DA:972,5
DA:974,4
DA:976,4
DA:980,1
DA:988,80611
DA:991,80611
DA:994,80611
DA:997,80581
DA:998,80581
DA:1003,298
DA:1005,268
DA:1006,268
DA:1008,30
DA:1012,80483
DA:1014,80483
DA:1018,128
DA:1023,0
DA:1025,0
DA:1028,0
DA:1029,0
DA:1034,0
DA:1036,0
DA:1037,0
DA:1038,0
DA:1039,0
DA:1040,0
DA:1041,0
DA:1042,0
DA:1043,0
DA:1045,0
DA:1048,0
DA:1050,0
DA:1056,0
DA:1057,0
DA:1058,0
DA:1060,0
DA:1064,0
DA:1065,0
DA:1068,0
DA:1069,0
DA:1074,0
DA:1077,501
DA:1080,501
DA:1081,0
DA:1085,501
DA:1086,501
DA:1087,501
DA:1088,501
DA:1089,501
DA:1091,450
DA:1092,450
DA:1096,555
DA:1098,505
DA:1099,505
DA:1101,50
DA:1102,50
DA:1105,500
DA:1107,1006
DA:1109,1006
DA:1111,4024
DA:1112,3018
DA:1113,3018
DA:1114,3018
DA:1115,3018
DA:1116,3018
DA:1118,1006
DA:1119,1006
DA:1121,6948
DA:1123,6948
DA:1124,6948
DA:1125,6948
DA:1126,6947
DA:1129,53830
DA:1132,53830
DA:1134,47874
DA:1136,0
DA:1137,0
DA:1139,468982
DA:1141,421108
DA:1142,421108
DA:1144,0
DA:1145,0
DA:1146,0
DA:1147,0
DA:1149,421108
DA:1150,421108
DA:1155,52839
DA:1157,46883
DA:1158,46883
DA:1160,40927
DA:1161,40927
DA:1162,40927
DA:1195,53830
DA:1198,29
DA:1202,29
DA:1204,34029
DA:1206,34000
DA:1207,34000
DA:1208,34000
DA:1209,34000
DA:1210,34000
DA:1211,34000
DA:1212,34000
DA:1213,0
DA:1217,29
LF:511
LH:423
end_of_record
TN:
SF:/home/z.allen/cx-git/centrallix-lib/src/util.c
FN:32,strtoi
FN:63,strtoui
FNDA:0,strtoi
FNDA:0,strtoui
FNF:2
FNH:0
DA:32,0
DA:35,0
DA:37,0
DA:38,0
DA:40,0
DA:41,0
DA:44,0
DA:45,0
DA:46,0
DA:47,0
DA:48,0
DA:49,0
DA:52,0
DA:63,0
DA:66,0
DA:69,0
DA:70,0
DA:73,0
DA:74,0
DA:75,0
DA:78,0
LF:21
LH:0
end_of_record
TN:
SF:/home/z.allen/cx-git/centrallix-lib/src/qprintf.c
FN:188,qpf_internal_FindStr
FN:208,qpf_internal_SetupTable
FN:232,qpfInitialize
FN:422,qpfOpenSession
FN:442,qpfErrors
FN:451,qpfClearErrors
FN:461,qpfCloseSession
FN:475,qpf_internal_itoa
FN:510,qpf_internal_base64decode
FN:597,qpfPrintf
FN:614,qpfPrintf_grow
FN:624,qpfPrintf_va
FN:643,qpf_internal_Translate
FN:742,qpfPrintf_va_internal
FN:1265,qpfRegisterExt
FNDA:0,qpf_internal_FindStr
FNDA:0,qpf_internal_SetupTable
FNDA:0,qpfInitialize
FNDA:0,qpfOpenSession
FNDA:0,qpfErrors
FNDA:0,qpfClearErrors
FNDA:0,qpfCloseSession
FNDA:0,qpf_internal_itoa
FNDA:0,qpf_internal_base64decode
FNDA:0,qpfPrintf
FNDA:0,qpfPrintf_grow
FNDA:0,qpfPrintf_va
FNDA:0,qpf_internal_Translate
FNDA:0,qpfPrintf_va_internal
FNDA:0,qpfRegisterExt
FNF:15
FNH:0
DA:188,0
DA:192,0
DA:193,0
DA:194,0
DA:195,0
DA:197,0
DA:198,0
DA:199,0
DA:200,0
DA:201,0
DA:203,0
DA:208,0
DA:211,0
DA:214,0
DA:216,0
DA:218,0
DA:219,0
DA:220,0
DA:223,0
DA:225,0
DA:232,0
DA:236,0
DA:238,0
DA:239,0
DA:240,0
DA:241,0
DA:242,0
DA:244,0
DA:245,0
DA:246,0
DA:247,0
DA:248,0
DA:249,0
DA:250,0
DA:251,0
DA:253,0
DA:254,0
DA:255,0
DA:256,0
DA:257,0
DA:258,0
DA:259,0
DA:260,0
DA:261,0
DA:262,0
DA:263,0
DA:265,0
DA:267,0
DA:268,0
DA:271,0
DA:273,0
DA:274,0
DA:275,0
DA:276,0
DA:277,0
DA:278,0
DA:279,0
DA:280,0
DA:281,0
DA:283,0
DA:285,0
DA:286,0
DA:289,0
DA:291,0
DA:292,0
DA:293,0
DA:294,0
DA:295,0
DA:297,0
DA:298,0
DA:299,0
DA:301,0
DA:302,0
DA:303,0
DA:305,0
DA:306,0
DA:307,0
DA:308,0
DA:309,0
DA:310,0
DA:311,0
DA:312,0
DA:313,0
DA:314,0
DA:316,0
DA:317,0
DA:318,0
DA:319,0
DA:320,0
DA:321,0
DA:322,0
DA:323,0
DA:324,0
DA:325,0
DA:326,0
DA:328,0
DA:329,0
DA:330,0
DA:331,0
DA:332,0
DA:333,0
DA:334,0
DA:335,0
DA:336,0
DA:337,0
DA:338,0
DA:340,0
DA:341,0
DA:342,0
DA:343,0
DA:344,0
DA:345,0
DA:346,0
DA:347,0
DA:348,0
DA:349,0
DA:350,0
DA:351,0
DA:352,0
DA:353,0
DA:354,0
DA:355,0
DA:356,0
DA:357,0
DA:359,0
DA:361,0
DA:362,0
DA:363,0
DA:364,0
DA:366,0
DA:369,0
DA:370,0
DA:372,0
DA:373,0
DA:374,0
DA:375,0
DA:376,0
DA:378,0
DA:380,0
DA:381,0
DA:382,0
DA:383,0
DA:384,0
DA:386,0
DA:388,0
DA:389,0
DA:390,0
DA:391,0
DA:392,0
DA:394,0
DA:396,0
DA:397,0
DA:398,0
DA:399,0
DA:400,0
DA:402,0
DA:405,0
DA:407,0
DA:408,0
DA:411,0
DA:413,0
DA:422,0
DA:424,0
DA:426,0
DA:428,0
DA:431,0
DA:432,0
DA:433,0
DA:435,0
DA:442,0
DA:444,0
DA:451,0
DA:453,0
DA:454,0
DA:461,0
DA:464,0
DA:466,0
DA:475,0
DA:478,0
DA:480,0
DA:482,0
DA:484,0
DA:488,0
DA:490,0
DA:491,0
DA:492,0
DA:494,0
DA:496,0
DA:497,0
DA:499,0
DA:500,0
DA:502,0
DA:503,0
DA:510,0
DA:512,0
DA:516,0
DA:519,0
DA:521,0
DA:523,0
DA:524,0
DA:528,0
DA:531,0
DA:534,0
DA:535,0
DA:537,0
DA:538,0
DA:540,0
DA:541,0
DA:544,0
DA:545,0
DA:547,0
DA:548,0
DA:550,0
DA:551,0
DA:552,0
DA:555,0
DA:557,0
DA:558,0
DA:560,0
DA:561,0
DA:563,0
DA:564,0
DA:566,0
DA:567,0
DA:568,0
DA:571,0
DA:573,0
DA:574,0
DA:576,0
DA:577,0
DA:579,0
DA:581,0
DA:582,0
DA:583,0
DA:584,0
DA:587,0
DA:589,0
DA:597,0
DA:603,0
DA:604,0
DA:605,0
DA:607,0
DA:614,0
DA:616,0
DA:624,0
DA:626,0
DA:643,0
DA:645,0
DA:649,0
DA:651,0
DA:652,0
DA:654,0
DA:656,0
DA:657,0
DA:660,0
DA:662,0
DA:664,0
DA:665,0
DA:666,0
DA:670,0
DA:677,0
DA:679,0
DA:681,0
DA:682,0
DA:684,0
DA:685,0
DA:686,0
DA:688,0
DA:689,0
DA:693,0
DA:694,0
DA:699,0
DA:700,0
DA:705,0
DA:707,0
DA:708,0
DA:710,0
DA:711,0
DA:715,0
DA:716,0
DA:721,0
DA:722,0
DA:729,0
DA:742,0
DA:746,0
DA:761,0
DA:763,0
DA:767,0
DA:773,0
DA:775,0
DA:778,0
DA:780,0
DA:781,0
DA:787,0
DA:788,0
DA:793,0
DA:794,0
DA:797,0
DA:799,0
DA:800,0
DA:802,0
DA:803,0
DA:804,0
DA:806,0
DA:807,0
DA:808,0
DA:810,0
DA:811,0
DA:812,0
DA:814,0
DA:816,0
DA:817,0
DA:818,0
DA:820,0
DA:821,0
DA:822,0
DA:824,0
DA:827,0
DA:829,0
DA:832,0
DA:834,0
DA:835,0
DA:838,0
DA:839,0
DA:841,0
DA:842,0
DA:844,0
DA:846,0
DA:847,0
DA:850,0
DA:851,0
DA:853,0
DA:854,0
DA:856,0
DA:858,0
DA:859,0
DA:861,0
DA:863,0
DA:864,0
DA:865,0
DA:871,0
DA:877,0
DA:878,0
DA:879,0
DA:882,0
DA:883,0
DA:886,0
DA:888,0
DA:889,0
DA:890,0
DA:892,0
DA:894,0
DA:895,0
DA:896,0
DA:900,0
DA:902,0
DA:903,0
DA:904,0
DA:905,0
DA:906,0
DA:907,0
DA:910,0
DA:911,0
DA:912,0
DA:913,0
DA:914,0
DA:915,0
DA:918,0
DA:919,0
DA:922,0
DA:924,0
DA:927,0
DA:928,0
DA:929,0
DA:932,0
DA:933,0
DA:937,0
DA:939,0
DA:940,0
DA:941,0
DA:945,0
DA:947,0
DA:950,0
DA:953,0
DA:954,0
DA:955,0
DA:956,0
DA:959,0
DA:960,0
DA:961,0
DA:962,0
DA:963,0
DA:966,0
DA:967,0
DA:968,0
DA:969,0
DA:970,0
DA:971,0
DA:974,0
DA:975,0
DA:976,0
DA:977,0
DA:980,0
DA:981,0
DA:982,0
DA:983,0
DA:984,0
DA:987,0
DA:988,0
DA:989,0
DA:990,0
DA:993,0
DA:994,0
DA:995,0
DA:998,0
DA:1005,0
DA:1007,0
DA:1010,0
DA:1012,0
DA:1013,0
DA:1015,0
DA:1018,0
DA:1019,0
DA:1020,0
DA:1021,0
DA:1022,0
DA:1025,0
DA:1026,0
DA:1027,0
DA:1028,0
DA:1029,0
DA:1030,0
DA:1032,0
DA:1033,0
DA:1036,0
DA:1037,0
DA:1038,0
DA:1039,0
DA:1040,0
DA:1041,0
DA:1042,0
DA:1043,0
DA:1044,0
DA:1045,0
DA:1048,0
DA:1049,0
DA:1052,0
DA:1053,0
DA:1055,0
DA:1071,0
DA:1073,0
DA:1074,0
DA:1076,0
DA:1077,0
DA:1079,0
DA:1080,0
DA:1081,0
DA:1082,0
DA:1083,0
DA:1084,0
DA:1085,0
DA:1086,0
DA:1087,0
DA:1088,0
DA:1089,0
DA:1090,0
DA:1091,0
DA:1092,0
DA:1093,0
DA:1094,0
DA:1095,0
DA:1096,0
DA:1097,0
DA:1098,0
DA:1099,0
DA:1100,0
DA:1101,0
DA:1102,0
DA:1103,0
DA:1104,0
DA:1105,0
DA:1106,0
DA:1107,0
DA:1108,0
DA:1109,0
DA:1110,0
DA:1111,0
DA:1112,0
DA:1113,0
DA:1114,0
DA:1115,0
DA:1116,0
DA:1117,0
DA:1118,0
DA:1119,0
DA:1120,0
DA:1121,0
DA:1122,0
DA:1123,0
DA:1124,0
DA:1125,0
DA:1126,0
DA:1127,0
DA:1128,0
DA:1129,0
DA:1130,0
DA:1131,0
DA:1132,0
DA:1133,0
DA:1134,0
DA:1135,0
DA:1136,0
DA:1137,0
DA:1138,0
DA:1139,0
DA:1140,0
DA:1141,0
DA:1142,0
DA:1143,0
DA:1145,0
DA:1148,0
DA:1150,0
DA:1151,0
DA:1153,0
DA:1155,0
DA:1157,0
DA:1159,0
DA:1160,0
DA:1161,0
DA:1163,0
DA:1165,0
DA:1167,0
DA:1169,0
DA:1173,0
DA:1174,0
DA:1176,0
DA:1178,0
DA:1179,0
DA:1180,0
DA:1182,0
DA:1183,0
DA:1184,0
DA:1186,0
DA:1187,0
DA:1189,0
DA:1191,0
DA:1195,0
DA:1196,0
DA:1198,0
DA:1200,0
DA:1201,0
DA:1205,0
DA:1206,0
DA:1207,0
DA:1209,0
DA:1213,0
DA:1214,0
DA:1215,0
DA:1220,0
DA:1222,0
DA:1223,0
DA:1225,0
DA:1226,0
DA:1227,0
DA:1229,0
DA:1230,0
DA:1232,0
DA:1233,0
DA:1234,0
DA:1236,0
DA:1240,0
DA:1245,0
DA:1247,0
DA:1254,0
DA:1255,0
DA:1265,0
DA:1269,0
DA:1271,0
DA:1272,0
DA:1274,0
DA:1275,0
DA:1276,0
DA:1277,0
DA:1279,0
LF:584
LH:0
end_of_record
TN:
SF:/home/z.allen/cx-git/centrallix-lib/src/xringqueue.c
FN:34,xrqInit
FN:51,xrqDeInit
FN:66,xrqEnqueue
FN:106,xrqDequeue
FN:125,xrqClear
FN:137,xrqCount
FNDA:239,xrqInit
FNDA:0,xrqDeInit
FNDA:0,xrqEnqueue
FNDA:239,xrqDequeue
FNDA:0,xrqClear
FNDA:239,xrqCount
FNF:6
FNH:3
DA:34,239
DA:38,239
DA:40,239
DA:41,239
DA:42,239
DA:43,239
DA:45,239
DA:51,0
DA:55,0
DA:56,0
DA:58,0
DA:66,0
DA:71,0
DA:74,0
DA:75,0
DA:78,0
DA:81,0
DA:84,0
DA:87,0
DA:91,0
DA:92,0
DA:96,0
DA:97,0
DA:99,0
DA:106,239
DA:109,239
DA:111,0
DA:112,0
DA:113,0
DA:114,0
DA:115,0
DA:118,239
DA:125,0
DA:127,0
DA:128,0
DA:129,0
DA:130,0
DA:137,239
DA:139,239
LF:39
LH:12
end_of_record
TN:
SF:/home/z.allen/cx-git/centrallix-lib/src/xstring.c
FN:41,xsInit
FN:61,xsNew
FN:77,xsDeInit
FN:97,xsFree
FN:112,xsCheckAlloc
FN:166,xsConcatenate
FN:200,xsCopy
FN:226,xsStringEnd
FN:237,xs_internal_Printf
FN:450,xsConcatPrintf
FN:472,xsPrintf
FN:499,xsWrite
FN:535,xsRTrim
FN:560,xsLTrim
FN:585,xsTrim
FN:603,xsFind
FN:634,xsFindRev
FN:668,xsSubst
FN:702,xsReplace
FN:741,xsInsertAfter
FN:771,xsGenPrintf_va
FN:837,xsGenPrintf
FN:852,xsString
FN:863,xsLength
FN:876,xs_internal_Grow
FN:899,xs_internal_QPrintf
FN:925,xsQPrintf_va
FN:934,xsQPrintf
FN:957,xsConcatQPrintf
FNDA:0,xsInit
FNDA:0,xsNew
FNDA:0,xsDeInit
FNDA:0,xsFree
FNDA:0,xsCheckAlloc
FNDA:0,xsConcatenate
FNDA:0,xsCopy
FNDA:0,xsStringEnd
FNDA:0,xs_internal_Printf
FNDA:0,xsConcatPrintf
FNDA:0,xsPrintf
FNDA:0,xsWrite
FNDA:0,xsRTrim
FNDA:0,xsLTrim
FNDA:0,xsTrim
FNDA:0,xsFind
FNDA:0,xsFindRev
FNDA:0,xsSubst
FNDA:0,xsReplace
FNDA:0,xsInsertAfter
FNDA:0,xsGenPrintf_va
FNDA:0,xsGenPrintf
FNDA:0,xsString
FNDA:0,xsLength
FNDA:0,xs_internal_Grow
FNDA:0,xs_internal_QPrintf
FNDA:0,xsQPrintf_va
FNDA:0,xsQPrintf
FNDA:0,xsConcatQPrintf
FNF:29
FNH:0
DA:41,0
DA:46,0
DA:47,0
DA:48,0
DA:49,0
DA:50,0
DA:54,0
DA:61,0
DA:65,0
DA:66,0
DA:67,0
DA:69,0
DA:77,0
DA:81,0
DA:85,0
DA:86,0
DA:87,0
DA:90,0
DA:97,0
DA:100,0
DA:101,0
DA:103,0
DA:112,0
DA:115,0
DA:118,0
DA:122,0
DA:124,0
DA:127,0
DA:129,0
DA:130,0
DA:133,0
DA:135,0
DA:137,0
DA:138,0
DA:143,0
DA:144,0
DA:147,0
DA:150,0
DA:151,0
DA:157,0
DA:166,0
DA:170,0
DA:174,0
DA:177,0
DA:180,0
DA:185,0
DA:186,0
DA:187,0
DA:191,0
DA:200,0
DA:204,0
DA:208,0
DA:210,0
DA:213,0
DA:217,0
DA:226,0
DA:229,0
DA:232,0
DA:237,0
DA:247,0
DA:248,0
DA:250,0
DA:251,0
DA:253,0
DA:257,0
DA:258,0
DA:259,0
DA:261,0
DA:262,0
DA:264,0
DA:266,0
DA:269,0
DA:271,0
DA:273,0
DA:274,0
DA:276,0
DA:278,0
DA:279,0
DA:282,0
DA:283,0
DA:284,0
DA:286,0
DA:287,0
DA:288,0
DA:301,0
DA:303,0
DA:304,0
DA:307,0
DA:308,0
DA:309,0
DA:311,0
DA:313,0
DA:315,0
DA:316,0
DA:319,0
DA:320,0
DA:323,0
DA:326,0
DA:327,0
DA:328,0
DA:330,0
DA:332,0
DA:333,0
DA:338,0
DA:339,0
DA:340,0
DA:343,0
DA:346,0
DA:347,0
DA:348,0
DA:351,0
DA:352,0
DA:353,0
DA:354,0
DA:355,0
DA:356,0
DA:358,0
DA:360,0
DA:361,0
DA:363,0
DA:364,0
DA:365,0
DA:369,0
DA:374,0
DA:375,0
DA:377,0
DA:378,0
DA:379,0
DA:383,0
DA:386,0
DA:387,0
DA:390,0
DA:392,0
DA:393,0
DA:395,0
DA:396,0
DA:397,0
DA:401,0
DA:406,0
DA:407,0
DA:409,0
DA:410,0
DA:411,0
DA:415,0
DA:418,0
DA:419,0
DA:421,0
DA:422,0
DA:423,0
DA:425,0
DA:426,0
DA:428,0
DA:429,0
DA:431,0
DA:432,0
DA:435,0
DA:437,0
DA:441,0
DA:450,0
DA:455,0
DA:458,0
DA:459,0
DA:460,0
DA:463,0
DA:472,0
DA:477,0
DA:480,0
DA:481,0
DA:483,0
DA:484,0
DA:487,0
DA:499,0
DA:503,0
DA:507,0
DA:509,0
DA:514,0
DA:516,0
DA:517,0
DA:518,0
DA:522,0
DA:527,0
DA:535,0
DA:540,0
DA:543,0
DA:544,0
DA:545,0
DA:546,0
DA:547,0
DA:548,0
DA:549,0
DA:553,0
DA:560,0
DA:565,0
DA:568,0
DA:569,0
DA:570,0
DA:571,0
DA:572,0
DA:573,0
DA:574,0
DA:575,0
DA:579,0
DA:585,0
DA:589,0
DA:592,0
DA:593,0
DA:596,0
DA:603,0
DA:606,0
DA:608,0
DA:609,0
DA:611,0
DA:614,0
DA:616,0
DA:617,0
DA:619,0
DA:622,0
DA:627,0
DA:634,0
DA:637,0
DA:639,0
DA:640,0
DA:641,0
DA:643,0
DA:646,0
DA:648,0
DA:649,0
DA:651,0
DA:654,0
DA:659,0
DA:668,0
DA:672,0
DA:676,0
DA:679,0
DA:681,0
DA:682,0
DA:685,0
DA:688,0
DA:689,0
DA:690,0
DA:694,0
DA:702,0
DA:705,0
DA:707,0
DA:708,0
DA:709,0
DA:710,0
DA:713,0
DA:715,0
DA:717,0
DA:718,0
DA:720,0
DA:721,0
DA:727,0
DA:728,0
DA:729,0
DA:730,0
DA:732,0
DA:735,0
DA:741,0
DA:744,0
DA:746,0
DA:747,0
DA:750,0
DA:752,0
DA:753,0
DA:754,0
DA:757,0
DA:771,0
DA:775,0
DA:776,0
DA:779,0
DA:782,0
DA:785,0
DA:787,0
DA:788,0
DA:789,0
DA:790,0
DA:791,0
DA:794,0
DA:801,0
DA:804,0
DA:807,0
DA:808,0
DA:809,0
DA:810,0
DA:811,0
DA:814,0
DA:816,0
DA:817,0
DA:818,0
DA:824,0
DA:828,0
DA:829,0
DA:830,0
DA:833,0
DA:837,0
DA:843,0
DA:844,0
DA:845,0
DA:848,0
DA:852,0
DA:855,0
DA:858,0
DA:863,0
DA:866,0
DA:869,0
DA:876,0
DA:878,0
DA:881,0
DA:884,0
DA:887,0
DA:888,0
DA:889,0
DA:891,0
DA:899,0
DA:906,0
DA:908,0
DA:909,0
DA:910,0
DA:911,0
DA:912,0
DA:913,0
DA:914,0
DA:918,0
DA:925,0
DA:927,0
DA:934,0
DA:940,0
DA:943,0
DA:944,0
DA:946,0
DA:947,0
DA:950,0
DA:957,0
DA:963,0
DA:966,0
DA:967,0
DA:968,0
DA:971,0
LF:340
LH:0
end_of_record
TN:
SF:/home/z.allen/cx-git/centrallix-lib/src/xhash.c
FN:79,xhInitialize
FN:89,xh_internal_ComputeHash
FN:107,xhInit
FN:127,xhDeInit
FN:141,xhAdd
FN:197,xhRemove
FN:235,xhLookup
FN:268,xhClear
FNDA:0,xhInitialize
FNDA:0,xh_internal_ComputeHash
FNDA:239,xhInit
FNDA:0,xhDeInit
FNDA:0,xhAdd
FNDA:0,xhRemove
FNDA:0,xhLookup
FNDA:0,xhClear
FNF:8
FNH:1
DA:79,0
DA:81,0
DA:89,0
DA:91,0
DA:95,0
DA:97,0
DA:100,0
DA:107,239
DA:112,239
DA:113,239
DA:114,239
DA:117,239
DA:118,239
DA:120,239
DA:127,0
DA:131,0
DA:133,0
DA:141,0
DA:146,0
DA:149,0
DA:150,0
DA:153,0
DA:154,0
DA:157,0
DA:159,0
DA:161,0
DA:165,0
DA:167,0
DA:179,0
DA:180,0
DA:181,0
DA:182,0
DA:183,0
DA:184,0
DA:187,0
DA:189,0
DA:197,0
DA:202,0
DA:205,0
DA:206,0
DA:209,0
DA:210,0
DA:213,0
DA:215,0
DA:216,0
DA:218,0
DA:219,0
DA:220,0
DA:221,0
DA:222,0
DA:224,0
DA:227,0
DA:235,0
DA:239,0
DA:242,0
DA:243,0
DA:246,0
DA:247,0
DA:250,0
DA:252,0
DA:253,0
DA:255,0
DA:257,0
DA:260,0
DA:268,0
DA:274,0
DA:276,0
DA:277,0
DA:279,0
DA:280,0
DA:281,0
DA:282,0
DA:284,0
DA:288,0
DA:290,0
LF:75
LH:7
end_of_record
TN:
SF:/home/z.allen/cx-git/centrallix-lib/src/xarray.c
FN:38,xaNew
FN:58,xaFree
FN:71,xaInit
FN:89,xaDeInit
FN:104,xaAddItem
FN:129,xaAddItemSorted
FN:166,xaAddItemSortedInt32
FN:201,xaGetItem
FN:211,xaFindItem
FN:231,xaFindItemR
FN:251,xaRemoveItem
FN:272,xaClear
FN:293,xaClearR
FN:313,xaCount
FN:322,xaSetItem
FN:353,xaInsertBefore
FN:383,xaInsertAfter
FNDA:0,xaNew
FNDA:0,xaFree
FNDA:239,xaInit
FNDA:0,xaDeInit
FNDA:3824,xaAddItem
FNDA:0,xaAddItemSorted
FNDA:0,xaAddItemSortedInt32
FNDA:0,xaGetItem
FNDA:0,xaFindItem
FNDA:0,xaFindItemR
FNDA:0,xaRemoveItem
FNDA:0,xaClear
FNDA:0,xaClearR
FNDA:0,xaCount
FNDA:0,xaSetItem
FNDA:0,xaInsertBefore
FNDA:0,xaInsertAfter
FNF:17
FNH:2
DA:38,0
DA:42,0
DA:43,0
DA:44,0
DA:45,0
DA:47,0
DA:48,0
DA:51,0
DA:58,0
DA:61,0
DA:62,0
DA:64,0
DA:71,239
DA:75,239
DA:76,239
DA:77,239
DA:78,239
DA:79,0
DA:80,239
DA:82,239
DA:89,0
DA:93,0
DA:94,0
DA:96,0
DA:104,3824
DA:109,3824
DA:111,0
DA:112,0
DA:113,0
DA:114,0
DA:118,3824
DA:120,3824
DA:129,0
DA:135,0
DA:137,0
DA:138,0
DA:139,0
DA:140,0
DA:144,0
DA:146,0
DA:147,0
DA:149,0
DA:150,0
DA:151,0
DA:152,0
DA:153,0
DA:157,0
DA:166,0
DA:172,0
DA:174,0
DA:175,0
DA:176,0
DA:177,0
DA:181,0
DA:183,0
DA:184,0
DA:186,0
DA:187,0
DA:188,0
DA:189,0
DA:190,0
DA:194,0
DA:201,0
DA:203,0
DA:211,0
DA:213,0
DA:216,0
DA:218,0
DA:219,0
DA:222,0
DA:231,0
DA:233,0
DA:236,0
DA:238,0
DA:239,0
DA:242,0
DA:251,0
DA:255,0
DA:258,0
DA:259,0
DA:265,0
DA:272,0
DA:276,0
DA:278,0
DA:280,0
DA:283,0
DA:285,0
DA:293,0
DA:297,0
DA:299,0
DA:301,0
DA:304,0
DA:306,0
DA:313,0
DA:315,0
DA:322,0
DA:328,0
DA:329,0
DA:332,0
DA:334,0
DA:335,0
DA:336,0
DA:337,0
DA:338,0
DA:339,0
DA:341,0
DA:344,0
DA:345,0
DA:347,0
DA:353,0
DA:359,0
DA:362,0
DA:364,0
DA:365,0
DA:366,0
DA:367,0
DA:368,0
DA:372,0
DA:375,0
DA:376,0
DA:378,0
DA:383,0
DA:389,0
DA:392,0
DA:394,0
DA:395,0
DA:396,0
DA:397,0
DA:398,0
DA:402,0
DA:405,0
DA:406,0
DA:408,0
LF:133
LH:11
end_of_record
TN:
SF:/home/z.allen/cx-git/centrallix-lib/src/newmalloc.c
FN:105,nmInitialize
FN:153,nmCheckAll
FN:236,nmSetErrFunction
FN:243,nmClear
FN:266,nmMalloc
FN:354,nmFree
FN:437,nmStats
FN:457,nmRegister
FN:475,nmDebug
FN:509,nmDeltas
FN:551,nmSysMalloc
FN:568,nmSysFree
FN:584,nmSysRealloc
FN:611,nmSysStrdup
FNDA:239,nmInitialize
FNDA:0,nmCheckAll
FNDA:0,nmSetErrFunction
FNDA:0,nmClear
FNDA:4397642,nmMalloc
FNDA:1341102,nmFree
FNDA:0,nmStats
FNDA:0,nmRegister
FNDA:0,nmDebug
FNDA:0,nmDeltas
FNDA:3669521,nmSysMalloc
FNDA:3541364,nmSysFree
FNDA:0,nmSysRealloc
FNDA:0,nmSysStrdup
FNF:14
FNH:5
DA:105,239
DA:109,239
DA:110,239
DA:111,239
DA:112,239
DA:113,239
DA:114,239
DA:115,239
DA:116,239
DA:120,239
DA:121,239
DA:122,239
DA:123,239
DA:124,239
DA:128,239
DA:130,239
DA:153,0
DA:171,0
DA:236,0
DA:238,0
DA:239,0
DA:243,0
DA:248,0
DA:250,0
DA:252,0
DA:253,0
DA:255,0
DA:256,0
DA:257,0
DA:259,0
DA:262,0
DA:266,4397642
DA:282,4397642
DA:292,4397642
DA:298,3741550
DA:300,1798805
DA:307,71970
DA:308,71970
DA:309,71970
DA:321,2526867
DA:324,4397642
DA:326,0
DA:330,4397642
DA:349,4397642
DA:354,1341102
DA:367,1341102
DA:369,1341102
DA:371,1341102
DA:394,1341102
DA:413,72903
DA:414,72903
DA:418,72903
DA:423,1268199
DA:432,1341102
DA:437,0
DA:440,0
DA:442,0
DA:443,0
DA:446,0
DA:447,0
DA:448,0
DA:452,0
DA:457,0
DA:461,0
DA:463,0
DA:464,0
DA:465,0
DA:466,0
DA:467,0
DA:468,0
DA:470,0
DA:475,0
DA:480,0
DA:481,0
DA:483,0
DA:485,0
DA:486,0
DA:487,0
DA:489,0
DA:490,0
DA:491,0
DA:493,0
DA:496,0
DA:497,0
DA:498,0
DA:500,0
DA:502,0
DA:504,0
DA:509,0
DA:514,0
DA:515,0
DA:516,0
DA:518,0
DA:520,0
DA:521,0
DA:522,0
DA:523,0
DA:525,0
DA:526,0
DA:527,0
DA:529,0
DA:530,0
DA:533,0
DA:534,0
DA:536,0
DA:538,0
DA:539,0
DA:540,0
DA:543,0
DA:544,0
DA:546,0
DA:551,3669521
DA:555,3669521
DA:556,3669521
DA:557,3669521
DA:561,3669521
DA:568,3541364
DA:576,3541364
DA:580,3541364
DA:584,0
DA:591,0
DA:595,0
DA:596,0
DA:600,0
DA:604,0
DA:611,0
DA:615,0
DA:616,0
DA:617,0
DA:618,0
DA:619,0
LF:131
LH:46
end_of_record
TN:
SF:/home/z.allen/cx-git/centrallix-lib/src/mtask.c
FN:150,mtSetDebug
FN:160,evSemaphore
FN:186,evThread
FN:212,evFile
FN:277,evPipe
FN:287,evRemoveIdx
FN:309,evRemove
FN:334,evAdd
FN:351,mtSigPipe
FN:369,mtSigSegv
FN:389,mtTrapSignal
FN:409,mtAddSignalHandler
FN:452,mtRemoveSignalHandler
FN:488,mtTicks
FN:502,mtRealTicks
FN:514,mtLastTick
FN:525,mtFdMax
FN:536,mtInitialize
FN:667,mtRunStartFn
FN:691,r_mtRun_PokeStack
FN:699,r_mtRun_Spacer
FN:724,r_mtRunStartFn
FN:746,mtProcessSignals
FN:775,mt_internal_SwitchToContext
FN:819,mtSched
FN:1258,thCreate
FN:1352,thYield
FN:1371,thExit
FN:1449,thKill
FN:1518,thWait
FN:1595,thWaitTimed
FN:1637,thMultiWait
FN:1768,thGetName
FN:1778,thCurrent
FN:1788,thSetName
FN:1804,thGetThreadList
FN:1829,thGetByName
FN:1853,thGetPrio
FN:1864,thSetPrio
FN:1878,thLock
FN:1890,thUnlock
FN:1903,thSleep
FN:1940,thSetUserID
FN:1967,thSetSupplementalGroups
FN:1994,thGetUserID
FN:2008,thSetGroupID
FN:2035,thGetGroupID
FN:2052,thSetSecContext
FN:2084,thGetSecContext
FN:2107,thSetParam
FN:2143,thSetParamFunctions
FN:2158,thGetParam
FN:2181,thSetFlags
FN:2192,thClearFlags
FN:2206,thExcessiveRecursion
FN:2222,thSetSecParam
FN:2235,thGetSecParam
FN:2246,fdSetOptions
FN:2287,fdUnSetOptions
FN:2330,fdPipe
FN:2393,fdOpen
FN:2436,fdOpenFD
FN:2473,fd_internal_ReadPkt
FN:2496,fdRead
FN:2659,fdUnRead
FN:2682,fd_internal_WritePkt
FN:2704,fdWrite
FN:2892,fdQPrintf_Grow
FN:2914,fdQPrintf_va
FN:2944,fdQPrintf
FN:2963,fdPrintf
FN:2990,fdClose
FN:3113,fdFD
FN:3134,fdAccess
FN:3195,netListenTCP
FN:3279,netAcceptTCP
FN:3384,netGetRemoteIP
FN:3396,netGetRemotePort
FN:3412,netConnectTCP
FN:3568,netCloseTCP
FN:3685,netListenUDP
FN:3760,netConnectUDP
FN:3907,netRecvUDP
FN:4005,netSendUDP
FN:4115,syCreateSem
FN:4138,syDestroySem
FN:4174,syPostSem
FN:4213,syGetSem
FNDA:0,mtSetDebug
FNDA:0,evSemaphore
FNDA:0,evThread
FNDA:0,evFile
FNDA:0,evPipe
FNDA:0,evRemoveIdx
FNDA:0,evRemove
FNDA:0,evAdd
FNDA:0,mtSigPipe
FNDA:0,mtSigSegv
FNDA:0,mtTrapSignal
FNDA:0,mtAddSignalHandler
FNDA:0,mtRemoveSignalHandler
FNDA:478,mtTicks
FNDA:478,mtRealTicks
FNDA:0,mtLastTick
FNDA:0,mtFdMax
FNDA:239,mtInitialize
FNDA:478,mtRunStartFn
FNDA:239,r_mtRun_PokeStack
FNDA:239,r_mtRun_Spacer
FNDA:239,r_mtRunStartFn
FNDA:239,mtProcessSignals
FNDA:239,mt_internal_SwitchToContext
FNDA:239,mtSched
FNDA:0,thCreate
FNDA:0,thYield
FNDA:0,thExit
FNDA:0,thKill
FNDA:0,thWait
FNDA:0,thWaitTimed
FNDA:0,thMultiWait
FNDA:0,thGetName
FNDA:0,thCurrent
FNDA:0,thSetName
FNDA:0,thGetThreadList
FNDA:0,thGetByName
FNDA:0,thGetPrio
FNDA:0,thSetPrio
FNDA:0,thLock
FNDA:0,thUnlock
FNDA:0,thSleep
FNDA:0,thSetUserID
FNDA:0,thSetSupplementalGroups
FNDA:0,thGetUserID
FNDA:0,thSetGroupID
FNDA:0,thGetGroupID
FNDA:0,thSetSecContext
FNDA:0,thGetSecContext
FNDA:0,thSetParam
FNDA:0,thSetParamFunctions
FNDA:0,thGetParam
FNDA:0,thSetFlags
FNDA:0,thClearFlags
FNDA:0,thExcessiveRecursion
FNDA:0,thSetSecParam
FNDA:0,thGetSecParam
FNDA:0,fdSetOptions
FNDA:0,fdUnSetOptions
FNDA:0,fdPipe
FNDA:0,fdOpen
FNDA:0,fdOpenFD
FNDA:0,fd_internal_ReadPkt
FNDA:0,fdRead
FNDA:0,fdUnRead
FNDA:0,fd_internal_WritePkt
FNDA:0,fdWrite
FNDA:0,fdQPrintf_Grow
FNDA:0,fdQPrintf_va
FNDA:0,fdQPrintf
FNDA:0,fdPrintf
FNDA:0,fdClose
FNDA:0,fdFD
FNDA:0,fdAccess
FNDA:0,netListenTCP
FNDA:0,netAcceptTCP
FNDA:0,netGetRemoteIP
FNDA:0,netGetRemotePort
FNDA:0,netConnectTCP
FNDA:0,netCloseTCP
FNDA:0,netListenUDP
FNDA:0,netConnectUDP
FNDA:0,netRecvUDP
FNDA:0,netSendUDP
FNDA:0,syCreateSem
FNDA:0,syDestroySem
FNDA:0,syPostSem
FNDA:0,syGetSem
FNF:88
FNH:10
DA:150,0
DA:156,0
DA:160,0
DA:162,0
DA:163,0
DA:165,0
DA:168,0
DA:170,0
DA:171,0
DA:175,0
DA:177,0
DA:180,0
DA:186,0
DA:188,0
DA:189,0
DA:191,0
DA:194,0
DA:195,0
DA:198,0
DA:199,0
DA:202,0
DA:203,0
DA:206,0
DA:212,0
DA:214,0
DA:215,0
DA:221,0
DA:223,0
DA:224,0
DA:225,0
DA:226,0
DA:227,0
DA:229,0
DA:232,0
DA:233,0
DA:234,0
DA:235,0
DA:236,0
DA:237,0
DA:238,0
DA:239,0
DA:240,0
DA:241,0
DA:244,0
DA:245,0
DA:249,0
DA:250,0
DA:251,0
DA:252,0
DA:253,0
DA:254,0
DA:256,0
DA:257,0
DA:258,0
DA:259,0
DA:261,0
DA:263,0
DA:264,0
DA:265,0
DA:266,0
DA:267,0
DA:270,0
DA:277,0
DA:279,0
DA:287,0
DA:292,0
DA:293,0
DA:294,0
DA:296,0
DA:297,0
DA:299,0
DA:301,0
DA:309,0
DA:311,0
DA:313,0
DA:315,0
DA:316,0
DA:318,0
DA:319,0
DA:321,0
DA:322,0
DA:324,0
DA:326,0
DA:334,0
DA:336,0
DA:338,0
DA:339,0
DA:341,0
DA:342,0
DA:351,0
DA:353,0
DA:354,0
DA:356,0
DA:357,0
DA:359,0
DA:369,0
DA:371,0
DA:372,0
DA:374,0
DA:375,0
DA:376,0
DA:380,0
DA:381,0
DA:389,0
DA:392,0
DA:393,0
DA:395,0
DA:396,0
DA:398,0
DA:399,0
DA:409,0
DA:414,0
DA:416,0
DA:419,0
DA:420,0
DA:423,0
DA:424,0
DA:426,0
DA:428,0
DA:429,0
DA:430,0
DA:432,0
DA:433,0
DA:435,0
DA:436,0
DA:438,0
DA:440,0
DA:444,0
DA:445,0
DA:452,0
DA:456,0
DA:457,0
DA:459,0
DA:461,0
DA:463,0
DA:465,0
DA:467,0
DA:472,0
DA:474,0
DA:476,0
DA:480,0
DA:488,478
DA:492,478
DA:493,478
DA:494,478
DA:502,478
DA:505,478
DA:514,0
DA:516,0
DA:525,0
DA:527,0
DA:536,239
DA:542,239
DA:545,239
DA:546,239
DA:547,239
DA:549,239
DA:550,239
DA:552,210
DA:555,210
DA:557,210
DA:560,239
DA:563,239
DA:564,239
DA:567,239
DA:570,239
DA:582,239
DA:583,239
DA:584,239
DA:585,239
DA:586,239
DA:587,239
DA:588,239
DA:589,239
DA:590,239
DA:591,239
DA:592,239
DA:593,239
DA:594,239
DA:595,239
DA:596,239
DA:597,239
DA:598,239
DA:599,239
DA:600,239
DA:601,239
DA:602,0
DA:603,239
DA:604,0
DA:605,239
DA:606,239
DA:607,239
DA:608,239
DA:609,239
DA:613,239
DA:614,239
DA:615,239
DA:616,239
DA:617,239
DA:620,239
DA:621,239
DA:624,239
DA:627,239
DA:628,239
DA:629,239
DA:632,239
DA:638,239
DA:641,239
DA:642,239
DA:645,239
DA:646,239
DA:647,239
DA:649,225
DA:667,478
DA:672,478
DA:673,478
DA:676,478
DA:678,239
DA:679,239
DA:683,239
DA:686,225
DA:691,239
DA:694,239
DA:695,239
DA:699,239
DA:707,239
DA:710,239
DA:711,239
DA:718,239
DA:719,239
DA:720,225
DA:724,239
DA:732,239
DA:735,239
DA:737,239
DA:739,225
DA:746,239
DA:748,239
DA:750,478
DA:753,0
DA:754,0
DA:757,0
DA:759,0
DA:760,0
DA:761,0
DA:764,0
DA:766,239
DA:775,239
DA:778,239
DA:781,0
DA:782,0
DA:785,0
DA:787,0
DA:788,0
DA:792,0
DA:794,0
DA:795,0
DA:796,0
DA:800,0
DA:802,0
DA:806,0
DA:807,0
DA:810,239
DA:819,239
DA:835,239
DA:843,239
DA:844,239
DA:845,239
DA:847,0
DA:851,0
DA:854,0
DA:859,0
DA:861,0
DA:865,0
DA:868,0
DA:870,0
DA:871,0
DA:877,239
DA:878,239
DA:879,239
DA:880,239
DA:881,239
DA:882,239
DA:883,239
DA:884,239
DA:885,239
DA:887,0
DA:889,0
DA:890,0
DA:891,0
DA:893,0
DA:894,0
DA:896,0
DA:897,0
DA:898,0
DA:900,0
DA:901,0
DA:903,0
DA:909,0
DA:911,0
DA:917,0
DA:922,0
DA:924,0
DA:926,0
DA:927,0
DA:928,0
DA:929,0
DA:930,0
DA:940,478
DA:942,239
DA:944,239
DA:945,239
DA:946,239
DA:948,239
DA:949,239
DA:957,239
DA:960,0
DA:962,0
DA:972,0
DA:977,0
DA:979,0
DA:980,0
DA:985,239
DA:986,239
DA:987,239
DA:991,239
DA:993,0
DA:995,239
DA:996,239
DA:1005,239
DA:1006,239
DA:1008,0
DA:1009,0
DA:1015,239
DA:1020,239
DA:1022,0
DA:1023,0
DA:1029,239
DA:1030,239
DA:1039,239
DA:1040,239
DA:1043,239
DA:1045,0
DA:1047,0
DA:1048,0
DA:1049,0
DA:1050,0
DA:1053,0
DA:1055,0
DA:1061,0
DA:1063,0
DA:1064,0
DA:1065,0
DA:1070,0
DA:1072,0
DA:1078,0
DA:1080,0
DA:1081,0
DA:1082,0
DA:1089,0
DA:1090,0
DA:1092,0
DA:1093,0
DA:1097,0
DA:1098,0
DA:1106,0
DA:1111,0
DA:1117,0
DA:1124,0
DA:1125,0
DA:1128,0
DA:1130,0
DA:1136,0
DA:1137,0
DA:1138,0
DA:1145,239
DA:1146,239
DA:1147,239
DA:1148,478
DA:1150,239
DA:1152,239
DA:1153,239
DA:1155,239
DA:1157,478
DA:1158,239
DA:1160,239
DA:1161,239
DA:1162,239
DA:1171,239
DA:1173,0
DA:1175,0
DA:1177,0
DA:1178,0
DA:1179,0
DA:1180,0
DA:1186,239
DA:1188,0
DA:1189,0
DA:1193,239
DA:1195,0
DA:1197,0
DA:1198,0
DA:1202,239
DA:1210,239
DA:1212,0
DA:1215,0
DA:1217,0
DA:1218,0
DA:1220,0
DA:1223,0
DA:1224,0
DA:1225,0
DA:1230,239
DA:1231,239
DA:1234,239
DA:1237,239
DA:1239,239
DA:1241,239
DA:1246,0
DA:1249,0
DA:1258,0
DA:1263,0
DA:1265,0
DA:1266,0
DA:1270,0
DA:1271,0
DA:1274,0
DA:1275,0
DA:1276,0
DA:1277,0
DA:1278,0
DA:1279,0
DA:1280,0
DA:1281,0
DA:1282,0
DA:1283,0
DA:1284,0
DA:1285,0
DA:1286,0
DA:1287,0
DA:1288,0
DA:1295,0
DA:1297,0
DA:1298,0
DA:1299,0
DA:1300,0
DA:1301,0
DA:1305,0
DA:1306,0
DA:1307,0
DA:1314,0
DA:1315,0
DA:1317,0
DA:1318,0
DA:1319,0
DA:1321,0
DA:1325,0
DA:1330,0
DA:1332,0
DA:1334,0
DA:1335,0
DA:1338,0
DA:1341,0
DA:1343,0
DA:1352,0
DA:1358,0
DA:1361,0
DA:1363,0
DA:1371,0
DA:1379,0
DA:1381,0
DA:1383,0
DA:1384,0
DA:1385,0
DA:1390,0
DA:1392,0
DA:1394,0
DA:1398,0
DA:1400,0
DA:1404,0
DA:1405,0
DA:1406,0
DA:1407,0
DA:1408,0
DA:1409,0
DA:1416,0
DA:1417,0
DA:1420,0
DA:1422,0
DA:1423,0
DA:1425,0
DA:1431,0
DA:1433,0
DA:1434,0
DA:1438,0
DA:1440,0
DA:1449,0
DA:1455,0
DA:1458,0
DA:1461,0
DA:1463,0
DA:1464,0
DA:1468,0
DA:1470,0
DA:1472,0
DA:1476,0
DA:1478,0
DA:1482,0
DA:1484,0
DA:1485,0
DA:1486,0
DA:1490,0
DA:1491,0
DA:1492,0
DA:1493,0
DA:1494,0
DA:1495,0
DA:1502,0
DA:1505,0
DA:1507,0
DA:1518,0
DA:1520,0
DA:1524,0
DA:1526,0
DA:1527,0
DA:1531,0
DA:1537,0
DA:1540,0
DA:1542,0
DA:1544,0
DA:1545,0
DA:1547,0
DA:1548,0
DA:1550,0
DA:1551,0
DA:1554,0
DA:1557,0
DA:1559,0
DA:1560,0
DA:1561,0
DA:1562,0
DA:1563,0
DA:1564,0
DA:1565,0
DA:1566,0
DA:1567,0
DA:1568,0
DA:1569,0
DA:1570,0
DA:1572,0
DA:1573,0
DA:1575,0
DA:1576,0
DA:1577,0
DA:1578,0
DA:1579,0
DA:1580,0
DA:1582,0
DA:1584,0
DA:1595,0
DA:1598,0
DA:1604,0
DA:1605,0
DA:1606,0
DA:1607,0
DA:1608,0
DA:1609,0
DA:1610,0
DA:1611,0
DA:1614,0
DA:1615,0
DA:1616,0
DA:1617,0
DA:1620,0
DA:1621,0
DA:1624,0
DA:1625,0
DA:1626,0
DA:1628,0
DA:1637,0
DA:1640,0
DA:1641,0
DA:1646,0
DA:1647,0
DA:1648,0
DA:1650,0
DA:1652,0
DA:1653,0
DA:1657,0
DA:1658,0
DA:1660,0
DA:1662,0
DA:1663,0
DA:1665,0
DA:1667,0
DA:1668,0
DA:1677,0
DA:1680,0
DA:1682,0
DA:1683,0
DA:1684,0
DA:1686,0
DA:1687,0
DA:1689,0
DA:1691,0
DA:1692,0
DA:1693,0
DA:1695,0
DA:1696,0
DA:1697,0
DA:1698,0
DA:1700,0
DA:1701,0
DA:1703,0
DA:1705,0
DA:1706,0
DA:1710,0
DA:1718,0
DA:1719,0
DA:1722,0
DA:1724,0
DA:1726,0
DA:1727,0
DA:1728,0
DA:1730,0
DA:1734,0
DA:1736,0
DA:1738,0
DA:1740,0
DA:1741,0
DA:1743,0
DA:1746,0
DA:1747,0
DA:1748,0
DA:1750,0
DA:1751,0
DA:1752,0
DA:1753,0
DA:1754,0
DA:1756,0
DA:1758,0
DA:1760,0
DA:1768,0
DA:1770,0
DA:1771,0
DA:1778,0
DA:1780,0
DA:1788,0
DA:1790,0
DA:1791,0
DA:1792,0
DA:1793,0
DA:1804,0
DA:1809,0
DA:1812,0
DA:1814,0
DA:1815,0
DA:1816,0
DA:1817,0
DA:1818,0
DA:1821,0
DA:1829,0
DA:1831,0
DA:1835,0
DA:1837,0
DA:1839,0
DA:1840,0
DA:1842,0
DA:1845,0
DA:1853,0
DA:1855,0
DA:1856,0
DA:1864,0
DA:1867,0
DA:1868,0
DA:1869,0
DA:1870,0
DA:1878,0
DA:1880,0
DA:1881,0
DA:1882,0
DA:1890,0
DA:1892,0
DA:1893,0
DA:1894,0
DA:1903,0
DA:1919,0
DA:1920,0
DA:1921,0
DA:1922,0
DA:1923,0
DA:1924,0
DA:1931,0
DA:1940,0
DA:1944,0
DA:1947,0
DA:1950,0
DA:1952,0
DA:1953,0
DA:1957,0
DA:1959,0
DA:1967,0
DA:1971,0
DA:1974,0
DA:1977,0
DA:1978,0
DA:1981,0
DA:1982,0
DA:1983,0
DA:1985,0
DA:1994,0
DA:1998,0
DA:2000,0
DA:2008,0
DA:2012,0
DA:2015,0
DA:2018,0
DA:2020,0
DA:2021,0
DA:2025,0
DA:2027,0
DA:2035,0
DA:2039,0
DA:2041,0
DA:2052,0
DA:2056,0
DA:2059,0
DA:2062,0
DA:2063,0
DA:2064,0
DA:2065,0
DA:2066,0
DA:2069,0
DA:2070,0
DA:2072,0
DA:2084,0
DA:2088,0
DA:2091,0
DA:2092,0
DA:2093,0
DA:2098,0
DA:2107,0
DA:2114,0
DA:2129,0
DA:2130,0
DA:2131,0
DA:2132,0
DA:2135,0
DA:2143,0
DA:2146,0
DA:2147,0
DA:2148,0
DA:2150,0
DA:2158,0
DA:2164,0
DA:2173,0
DA:2181,0
DA:2183,0
DA:2184,0
DA:2185,0
DA:2192,0
DA:2194,0
DA:2195,0
DA:2196,0
DA:2206,0
DA:2209,0
DA:2222,0
DA:2224,0
DA:2225,0
DA:2226,0
DA:2227,0
DA:2228,0
DA:2235,0
DA:2237,0
DA:2238,0
DA:2246,0
DA:2251,0
DA:2252,0
DA:2255,0
DA:2257,0
DA:2258,0
DA:2279,0
DA:2287,0
DA:2292,0
DA:2293,0
DA:2296,0
DA:2298,0
DA:2299,0
DA:2303,0
DA:2305,0
DA:2307,0
DA:2320,0
DA:2330,0
DA:2334,0
DA:2335,0
DA:2336,0
DA:2337,0
DA:2338,0
DA:2339,0
DA:2340,0
DA:2341,0
DA:2342,0
DA:2343,0
DA:2345,0
DA:2346,0
DA:2347,0
DA:2348,0
DA:2349,0
DA:2350,0
DA:2351,0
DA:2352,0
DA:2356,0
DA:2359,0
DA:2360,0
DA:2361,0
DA:2364,0
DA:2365,0
DA:2366,0
DA:2367,0
DA:2368,0
DA:2370,0
DA:2373,0
DA:2375,0
DA:2376,0
DA:2378,0
DA:2380,0
DA:2381,0
DA:2383,0
DA:2384,0
DA:2386,0
DA:2393,0
DA:2399,0
DA:2400,0
DA:2403,0
DA:2404,0
DA:2406,0
DA:2407,0
DA:2409,0
DA:2410,0
DA:2411,0
DA:2412,0
DA:2413,0
DA:2414,0
DA:2415,0
DA:2416,0
DA:2417,0
DA:2421,0
DA:2424,0
DA:2425,0
DA:2427,0
DA:2436,0
DA:2442,0
DA:2443,0
DA:2445,0
DA:2447,0
DA:2448,0
DA:2449,0
DA:2450,0
DA:2451,0
DA:2452,0
DA:2453,0
DA:2454,0
DA:2455,0
DA:2459,0
DA:2462,0
DA:2463,0
DA:2465,0
DA:2473,0
DA:2475,0
DA:2478,0
DA:2480,0
DA:2481,0
DA:2482,0
DA:2483,0
DA:2486,0
DA:2496,0
DA:2498,0
DA:2499,0
DA:2507,0
DA:2510,0
DA:2511,0
DA:2514,0
DA:2516,0
DA:2517,0
DA:2519,0
DA:2520,0
DA:2521,0
DA:2522,0
DA:2524,0
DA:2526,0
DA:2533,0
DA:2534,0
DA:2535,0
DA:2537,0
DA:2541,0
DA:2543,0
DA:2553,0
DA:2566,0
DA:2570,0
DA:2575,0
DA:2577,0
DA:2578,0
DA:2579,0
DA:2580,0
DA:2581,0
DA:2582,0
DA:2583,0
DA:2584,0
DA:2585,0
DA:2586,0
DA:2588,0
DA:2589,0
DA:2591,0
DA:2592,0
DA:2593,0
DA:2597,0
DA:2600,0
DA:2602,0
DA:2603,0
DA:2604,0
DA:2605,0
DA:2606,0
DA:2608,0
DA:2618,0
DA:2631,0
DA:2635,0
DA:2638,0
DA:2640,0
DA:2641,0
DA:2643,0
DA:2645,0
DA:2648,0
DA:2659,0
DA:2663,0
DA:2666,0
DA:2669,0
DA:2670,0
DA:2671,0
DA:2673,0
DA:2682,0
DA:2684,0
DA:2687,0
DA:2689,0
DA:2690,0
DA:2691,0
DA:2692,0
DA:2695,0
DA:2704,0
DA:2706,0
DA:2707,0
DA:2711,0
DA:2714,0
DA:2715,0
DA:2718,0
DA:2720,0
DA:2721,0
DA:2722,0
DA:2726,0
DA:2728,0
DA:2729,0
DA:2730,0
DA:2731,0
DA:2732,0
DA:2736,0
DA:2739,0
DA:2741,0
DA:2742,0
DA:2743,0
DA:2744,0
DA:2748,0
DA:2750,0
DA:2751,0
DA:2752,0
DA:2753,0
DA:2754,0
DA:2758,0
DA:2760,0
DA:2761,0
DA:2762,0
DA:2763,0
DA:2767,0
DA:2768,0
DA:2769,0
DA:2770,0
DA:2774,0
DA:2776,0
DA:2786,0
DA:2799,0
DA:2800,0
DA:2801,0
DA:2805,0
DA:2810,0
DA:2812,0
DA:2813,0
DA:2814,0
DA:2815,0
DA:2816,0
DA:2817,0
DA:2818,0
DA:2819,0
DA:2820,0
DA:2821,0
DA:2823,0
DA:2824,0
DA:2826,0
DA:2827,0
DA:2828,0
DA:2832,0
DA:2835,0
DA:2837,0
DA:2838,0
DA:2839,0
DA:2840,0
DA:2841,0
DA:2843,0
DA:2853,0
DA:2866,0
DA:2867,0
DA:2868,0
DA:2874,0
DA:2876,0
DA:2877,0
DA:2880,0
DA:2883,0
DA:2892,0
DA:2894,0
DA:2897,0
DA:2899,0
DA:2900,0
DA:2902,0
DA:2903,0
DA:2904,0
DA:2906,0
DA:2914,0
DA:2921,0
DA:2923,0
DA:2924,0
DA:2925,0
DA:2926,0
DA:2928,0
DA:2929,0
DA:2932,0
DA:2933,0
DA:2934,0
DA:2936,0
DA:2944,0
DA:2949,0
DA:2950,0
DA:2951,0
DA:2953,0
DA:2963,0
DA:2969,0
DA:2971,0
DA:2972,0
DA:2973,0
DA:2974,0
DA:2978,0
DA:2979,0
DA:2980,0
DA:2982,0
DA:2990,0
DA:2993,0
DA:3001,0
DA:3009,0
DA:3010,0
DA:3018,0
DA:3020,0
DA:3022,0
DA:3023,0
DA:3025,0
DA:3026,0
DA:3039,0
DA:3046,0
DA:3047,0
DA:3048,0
DA:3049,0
DA:3050,0
DA:3051,0
DA:3052,0
DA:3053,0
DA:3055,0
DA:3056,0
DA:3058,0
DA:3059,0
DA:3063,0
DA:3069,0
DA:3073,0
DA:3075,0
DA:3076,0
DA:3077,0
DA:3081,0
DA:3089,0
DA:3090,0
DA:3091,0
DA:3092,0
DA:3093,0
DA:3105,0
DA:3113,0
DA:3115,0
DA:3134,0
DA:3138,0
DA:3141,0
DA:3142,0
DA:3145,0
DA:3147,0
DA:3148,0
DA:3149,0
DA:3152,0
DA:3153,0
DA:3156,0
DA:3158,0
DA:3159,0
DA:3160,0
DA:3161,0
DA:3163,0
DA:3164,0
DA:3165,0
DA:3166,0
DA:3167,0
DA:3170,0
DA:3171,0
DA:3172,0
DA:3175,0
DA:3176,0
DA:3177,0
DA:3186,0
DA:3195,0
DA:3197,0
DA:3204,0
DA:3207,0
DA:3208,0
DA:3211,0
DA:3212,0
DA:3214,0
DA:3215,0
DA:3217,0
DA:3218,0
DA:3220,0
DA:3227,0
DA:3228,0
DA:3229,0
DA:3230,0
DA:3231,0
DA:3232,0
DA:3234,0
DA:3235,0
DA:3239,0
DA:3241,0
DA:3242,0
DA:3251,0
DA:3252,0
DA:3253,0
DA:3254,0
DA:3255,0
DA:3256,0
DA:3257,0
DA:3258,0
DA:3259,0
DA:3263,0
DA:3264,0
DA:3266,0
DA:3279,0
DA:3283,0
DA:3290,0
DA:3291,0
DA:3292,0
DA:3294,0
DA:3295,0
DA:3296,0
DA:3297,0
DA:3298,0
DA:3299,0
DA:3300,0
DA:3301,0
DA:3302,0
DA:3303,0
DA:3305,0
DA:3306,0
DA:3308,0
DA:3309,0
DA:3313,0
DA:3316,0
DA:3318,0
DA:3319,0
DA:3320,0
DA:3322,0
DA:3323,0
DA:3324,0
DA:3326,0
DA:3328,0
DA:3329,0
DA:3331,0
DA:3332,0
DA:3337,0
DA:3338,0
DA:3340,0
DA:3341,0
DA:3349,0
DA:3350,0
DA:3351,0
DA:3352,0
DA:3353,0
DA:3354,0
DA:3355,0
DA:3356,0
DA:3360,0
DA:3361,0
DA:3362,0
DA:3363,0
DA:3365,0
DA:3366,0
DA:3369,0
DA:3370,0
DA:3372,0
DA:3384,0
DA:3386,0
DA:3387,0
DA:3388,0
DA:3396,0
DA:3398,0
DA:3399,0
DA:3400,0
DA:3412,0
DA:3422,0
DA:3426,0
DA:3427,0
DA:3428,0
DA:3429,0
DA:3432,0
DA:3433,0
DA:3435,0
DA:3439,0
DA:3441,0
DA:3442,0
DA:3444,0
DA:3448,0
DA:3449,0
DA:3451,0
DA:3452,0
DA:3454,0
DA:3455,0
DA:3457,0
DA:3461,0
DA:3462,0
DA:3464,0
DA:3465,0
DA:3473,0
DA:3474,0
DA:3475,0
DA:3476,0
DA:3477,0
DA:3478,0
DA:3479,0
DA:3480,0
DA:3484,0
DA:3487,0
DA:3488,0
DA:3489,0
DA:3490,0
DA:3491,0
DA:3492,0
DA:3494,0
DA:3496,0
DA:3497,0
DA:3501,0
DA:3503,0
DA:3507,0
DA:3508,0
DA:3509,0
DA:3510,0
DA:3511,0
DA:3512,0
DA:3513,0
DA:3514,0
DA:3515,0
DA:3517,0
DA:3518,0
DA:3520,0
DA:3521,0
DA:3526,0
DA:3529,0
DA:3531,0
DA:3532,0
DA:3533,0
DA:3534,0
DA:3535,0
DA:3537,0
DA:3538,0
DA:3539,0
DA:3541,0
DA:3542,0
DA:3543,0
DA:3544,0
DA:3546,0
DA:3547,0
DA:3548,0
DA:3553,0
DA:3555,0
DA:3556,0
DA:3559,0
DA:3568,0
DA:3584,0
DA:3585,0
DA:3588,0
DA:3589,0
DA:3592,0
DA:3593,0
DA:3594,0
DA:3595,0
DA:3596,0
DA:3598,0
DA:3599,0
DA:3600,0
DA:3605,0
DA:3608,0
DA:3609,0
DA:3611,0
DA:3612,0
DA:3613,0
DA:3614,0
DA:3615,0
DA:3616,0
DA:3631,0
DA:3634,0
DA:3635,0
DA:3636,0
DA:3673,0
DA:3674,0
DA:3675,0
DA:3676,0
DA:3678,0
DA:3685,0
DA:3687,0
DA:3694,0
DA:3697,0
DA:3698,0
DA:3701,0
DA:3702,0
DA:3704,0
DA:3705,0
DA:3707,0
DA:3708,0
DA:3710,0
DA:3717,0
DA:3718,0
DA:3719,0
DA:3720,0
DA:3721,0
DA:3722,0
DA:3724,0
DA:3725,0
DA:3734,0
DA:3735,0
DA:3736,0
DA:3737,0
DA:3738,0
DA:3739,0
DA:3740,0
DA:3741,0
DA:3742,0
DA:3746,0
DA:3747,0
DA:3749,0
DA:3760,0
DA:3770,0
DA:3774,0
DA:3775,0
DA:3776,0
DA:3777,0
DA:3780,0
DA:3781,0
DA:3783,0
DA:3787,0
DA:3789,0
DA:3790,0
DA:3792,0
DA:3796,0
DA:3797,0
DA:3799,0
DA:3800,0
DA:3802,0
DA:3803,0
DA:3805,0
DA:3809,0
DA:3810,0
DA:3812,0
DA:3813,0
DA:3821,0
DA:3822,0
DA:3823,0
DA:3824,0
DA:3825,0
DA:3826,0
DA:3827,0
DA:3828,0
DA:3832,0
DA:3835,0
DA:3836,0
DA:3837,0
DA:3838,0
DA:3839,0
DA:3840,0
DA:3842,0
DA:3844,0
DA:3845,0
DA:3849,0
DA:3851,0
DA:3855,0
DA:3856,0
DA:3857,0
DA:3858,0
DA:3859,0
DA:3860,0
DA:3861,0
DA:3862,0
DA:3863,0
DA:3865,0
DA:3866,0
DA:3868,0
DA:3869,0
DA:3874,0
DA:3877,0
DA:3879,0
DA:3880,0
DA:3881,0
DA:3882,0
DA:3883,0
DA:3885,0
DA:3886,0
DA:3887,0
DA:3889,0
DA:3890,0
DA:3891,0
DA:3892,0
DA:3894,0
DA:3895,0
DA:3896,0
DA:3900,0
DA:3907,0
DA:3909,0
DA:3910,0
DA:3914,0
DA:3915,0
DA:3918,0
DA:3920,0
DA:3923,0
DA:3924,0
DA:3926,0
DA:3928,0
DA:3931,0
DA:3934,0
DA:3936,0
DA:3937,0
DA:3942,0
DA:3944,0
DA:3945,0
DA:3946,0
DA:3947,0
DA:3948,0
DA:3949,0
DA:3950,0
DA:3951,0
DA:3952,0
DA:3953,0
DA:3955,0
DA:3956,0
DA:3958,0
DA:3959,0
DA:3960,0
DA:3964,0
DA:3967,0
DA:3969,0
DA:3970,0
DA:3971,0
DA:3972,0
DA:3973,0
DA:3975,0
DA:3976,0
DA:3979,0
DA:3981,0
DA:3982,0
DA:3984,0
DA:3986,0
DA:3989,0
DA:3991,0
DA:3993,0
DA:3995,0
DA:3998,0
DA:4005,0
DA:4007,0
DA:4008,0
DA:4012,0
DA:4013,0
DA:4016,0
DA:4018,0
DA:4019,0
DA:4022,0
DA:4024,0
DA:4025,0
DA:4029,0
DA:4031,0
DA:4032,0
DA:4033,0
DA:4036,0
DA:4037,0
DA:4039,0
DA:4041,0
DA:4042,0
DA:4044,0
DA:4048,0
DA:4051,0
DA:4053,0
DA:4054,0
DA:4059,0
DA:4061,0
DA:4062,0
DA:4063,0
DA:4064,0
DA:4065,0
DA:4066,0
DA:4067,0
DA:4068,0
DA:4069,0
DA:4070,0
DA:4072,0
DA:4073,0
DA:4075,0
DA:4076,0
DA:4077,0
DA:4081,0
DA:4084,0
DA:4086,0
DA:4087,0
DA:4088,0
DA:4089,0
DA:4090,0
DA:4092,0
DA:4093,0
DA:4096,0
DA:4098,0
DA:4099,0
DA:4101,0
DA:4103,0
DA:4106,0
DA:4115,0
DA:4120,0
DA:4121,0
DA:4124,0
DA:4125,0
DA:4126,0
DA:4128,0
DA:4138,0
DA:4143,0
DA:4145,0
DA:4147,0
DA:4149,0
DA:4150,0
DA:4152,0
DA:4157,0
DA:4159,0
DA:4163,0
DA:4166,0
DA:4174,0
DA:4180,0
DA:4183,0
DA:4185,0
DA:4187,0
DA:4189,0
DA:4190,0
DA:4191,0
DA:4192,0
DA:4198,0
DA:4201,0
DA:4203,0
DA:4213,0
DA:4219,0
DA:4221,0
DA:4222,0
DA:4223,0
DA:4227,0
DA:4229,0
DA:4233,0
DA:4234,0
DA:4235,0
DA:4236,0
DA:4237,0
DA:4238,0
DA:4239,0
DA:4240,0
DA:4241,0
DA:4242,0
DA:4243,0
DA:4245,0
DA:4246,0
DA:4248,0
DA:4251,0
DA:4252,0
DA:4253,0
DA:4254,0
DA:4256,0
LF:1600
LH:157
end_of_record
TN:
SF:/home/z.allen/cx-git/centrallix-lib/tests/test_b+tree3_14.c
FN:9,free_func
FN:15,test
FNDA:6,free_func
FNDA:1,test
FNF:2
FNH:2
DA:9,6
DA:10,6
DA:11,6
DA:15,1
DA:21,1
DA:22,1
DA:26,1
DA:27,1
DA:29,1
DA:30,1
DA:32,1
DA:33,1
DA:35,1
DA:36,1
DA:38,1
DA:39,1
DA:41,1
DA:42,1
DA:44,1
DA:45,1
DA:46,1
DA:47,1
DA:48,1
DA:49,1
DA:52,1
DA:54,1
DA:60,1
DA:61,10000001
DA:62,10000000
DA:67,1
LF:30
LH:30
end_of_record
TN:
SF:/home/z.allen/cx-git/centrallix-lib/tests/test_b+tree3_01.c
FN:10,bpt_dummy_freeFn
FN:16,test
FNDA:1,bpt_dummy_freeFn
FNDA:1,test
FNF:2
FNH:2
DA:10,1
DA:11,1
DA:12,1
DA:16,1
DA:18,1
DA:22,1
DA:24,1
DA:25,1
DA:26,1
DA:28,1
DA:29,1
DA:30,1
DA:33,200001
DA:34,200000
DA:35,200000
DA:36,200000
DA:40,1
DA:43,1
DA:45,1
LF:19
LH:19
end_of_record
TN:
SF:/home/z.allen/cx-git/centrallix-lib/tests/test_b+tree3_02.c
FN:10,test
FNDA:1,test
FNF:1
FNH:1
DA:10,1
DA:15,1
DA:16,1
DA:19,1
DA:25,1
DA:26,10000001
DA:27,10000000
DA:31,1
LF:8
LH:8
end_of_record
TN:
SF:/home/z.allen/cx-git/centrallix-lib/tests/test_b+tree3_03.c
FN:9,free_func
FN:15,test
FNDA:0,free_func
FNDA:1,test
FNF:2
FNH:1
DA:9,0
DA:10,0
DA:11,0
DA:15,1
DA:22,1
DA:24,1
DA:25,1
DA:27,1
DA:29,1
DA:31,1
DA:33,1
DA:35,1
DA:37,1
DA:42,1
DA:43,10000001
DA:44,10000000
DA:49,1
LF:17
LH:14
end_of_record
TN:
SF:/home/z.allen/cx-git/centrallix-lib/tests/test_b+tree3_05.c
FN:10,test
FNDA:1,test
FNF:1
FNH:1
DA:10,1
DA:16,1
DA:18,1
DA:19,1
DA:21,1
DA:22,1
DA:24,1
DA:25,1
DA:27,1
DA:28,1
DA:30,1
DA:31,1
DA:33,1
DA:35,1
DA:36,1
DA:37,1
DA:38,1
DA:39,1
DA:41,1
DA:43,1
DA:49,1
DA:50,10000001
DA:51,10000000
DA:56,1
LF:24
LH:24
end_of_record
TN:
SF:/home/z.allen/cx-git/centrallix-lib/tests/test_b+tree3_07.c
FN:10,test
FNDA:1,test
FNF:1
FNH:1
DA:10,1
DA:17,1
DA:18,1
DA:19,1
DA:21,1
DA:22,1
DA:24,1
DA:25,1
DA:27,1
DA:28,1
DA:30,1
DA:31,1
DA:33,1
DA:34,1
DA:36,1
DA:37,1
DA:38,1
DA:39,1
DA:40,1
DA:42,1
DA:43,1
DA:45,1
DA:47,1
DA:53,1
DA:54,10000001
DA:55,10000000
DA:59,1
LF:27
LH:27
end_of_record
TN:
SF:/home/z.allen/cx-git/centrallix-lib/tests/test_b+tree3_08.c
FN:10,test
FNDA:1,test
FNF:1
FNH:1
DA:10,1
DA:16,1
DA:17,1
DA:19,1
DA:20,1
DA:22,1
DA:23,1
DA:25,1
DA:26,1
DA:28,1
DA:29,1
DA:31,1
DA:32,1
DA:34,1
DA:35,1
DA:36,1
DA:37,1
DA:38,1
DA:40,1
DA:41,1
DA:43,1
DA:44,1
DA:46,1
DA:47,1
DA:49,1
DA:50,1
DA:52,1
DA:53,1
DA:59,1
DA:60,10000001
DA:61,10000000
DA:66,1
LF:32
LH:32
end_of_record
TN:
SF:/home/z.allen/cx-git/centrallix-lib/tests/test_b+tree3_10.c
FN:9,free_func
FN:15,test
FNDA:0,free_func
FNDA:1,test
FNF:2
FNH:1
DA:9,0
DA:10,0
DA:11,0
DA:15,1
DA:22,1
DA:23,1
DA:25,1
DA:27,1
DA:33,1
DA:34,10000001
DA:35,10000000
DA:39,1
LF:12
LH:9
end_of_record
TN:
SF:/home/z.allen/cx-git/centrallix-lib/tests/test_b+tree3_11.c
FN:9,free_func
FN:15,test
FNDA:3,free_func
FNDA:1,test
FNF:2
FNH:2
DA:9,3
DA:10,3
DA:11,3
DA:15,1
DA:21,1
DA:22,1
DA:26,1
DA:27,1
DA:29,1
DA:30,1
DA:32,1
DA:33,1
DA:35,1
DA:36,1
DA:37,1
DA:39,1
DA:41,1
DA:47,1
DA:48,10000001
DA:49,10000000
DA:54,1
LF:21
LH:21
end_of_record
TN:
SF:/home/z.allen/cx-git/centrallix-lib/tests/test_b+tree3_13.c
FN:10,bpt_dummy_freeFn
FN:16,test
FNDA:2,bpt_dummy_freeFn
FNDA:1,test
FNF:2
FNH:2
DA:10,2
DA:11,2
DA:12,2
DA:16,1
DA:18,1
DA:21,1
DA:23,1
DA:24,1
DA:25,1
DA:26,1
DA:28,1
DA:29,1
DA:30,1
DA:31,1
DA:33,1
DA:34,1
DA:35,1
DA:37,1
DA:38,1
DA:40,1
DA:41,1
DA:43,1
DA:44,1
DA:46,1
DA:47,1
DA:50,1
DA:51,1
DA:53,1
DA:54,1
DA:64,1
DA:65,10000001
DA:66,10000000
DA:69,1
LF:33
LH:33
end_of_record
TN:
SF:/home/z.allen/cx-git/centrallix-lib/tests/test_b+tree3_20.c
FN:9,free_func
FN:14,test
FNDA:100555,free_func
FNDA:1,test
FNF:2
FNH:2
DA:9,100555
DA:10,100555
DA:14,1
DA:17,1
DA:20,1
DA:21,20112
DA:22,20111
DA:30,20111
DA:31,20111
DA:32,20111
DA:33,20111
DA:34,20111
DA:36,20111
DA:37,20111
DA:40,1
LF:15
LH:15
end_of_record
TN:
SF:/home/z.allen/cx-git/centrallix-lib/tests/test_b+tree3_15.c
FN:9,free_func
FN:15,test
FNDA:1000,free_func
FNDA:1,test
FNF:2
FNH:2
DA:9,1000
DA:10,1000
DA:11,1000
DA:15,1
DA:17,1
DA:18,1
DA:23,1
DA:25,1
DA:27,1001
DA:28,1000
DA:29,1000
DA:31,1000
DA:32,1000
DA:33,1000
DA:37,1
DA:40,1
DA:46,1
DA:47,10000001
DA:48,10000000
DA:53,1
LF:20
LH:20
end_of_record
TN:
SF:/home/z.allen/cx-git/centrallix-lib/tests/t_driver.c
FN:34,segv_handler
FN:40,abort_handler
FN:46,alarm_handler
FN:53,start
FN:77,main
FNDA:0,segv_handler
FNDA:0,abort_handler
FNDA:0,alarm_handler
FNDA:1,start
FNDA:1,main
FNF:5
FNH:2
DA:34,0
DA:36,0
DA:37,0
DA:40,0
DA:42,0
DA:43,0
DA:46,0
DA:48,0
DA:49,0
DA:53,1
DA:59,1
DA:60,1
DA:61,1
DA:62,1
DA:63,1
DA:64,1
DA:65,1
DA:66,1
DA:67,1
DA:68,1
DA:69,0
DA:71,1
DA:73,1
DA:77,1
DA:79,1
DA:80,1
LF:26
LH:16
end_of_record
TN:
SF:/home/z.allen/cx-git/centrallix-lib/tests/test_b+tree3_04.c
FN:10,test
FNDA:1,test
FNF:1
FNH:1
DA:10,1
DA:16,1
DA:18,1
DA:19,1
DA:21,1
DA:23,1
DA:25,1
DA:30,1
DA:31,10000001
DA:32,10000000
DA:37,1
LF:11
LH:11
end_of_record
TN:
SF:/home/z.allen/cx-git/centrallix-lib/tests/test_b+tree3_06.c
FN:10,test
FNDA:1,test
FNF:1
FNH:1
DA:10,1
DA:16,1
DA:18,1
DA:19,1
DA:21,1
DA:22,1
DA:24,1
DA:25,1
DA:27,1
DA:28,1
DA:30,1
DA:31,1
DA:33,1
DA:35,1
DA:36,1
DA:37,1
DA:38,1
DA:39,1
DA:41,1
DA:43,1
DA:49,1
DA:50,10000001
DA:51,10000000
DA:56,1
LF:24
LH:24
end_of_record
TN:
SF:/home/z.allen/cx-git/centrallix-lib/tests/test_b+tree3_09.c
FN:9,free_func
FN:15,test
FNDA:0,free_func
FNDA:1,test
FNF:2
FNH:1
DA:9,0
DA:10,0
DA:11,0
DA:15,1
DA:22,1
DA:23,1
DA:25,1
DA:27,1
DA:33,1
DA:34,10000001
DA:35,10000000
DA:39,1
LF:12
LH:9
end_of_record
TN:
SF:/home/z.allen/cx-git/centrallix-lib/tests/test_b+tree3_12.c
FN:10,bpt_dummy_freeFn
FN:16,test
FNDA:1,bpt_dummy_freeFn
FNDA:1,test
FNF:2
FNH:2
DA:10,1
DA:11,1
DA:12,1
DA:16,1
DA:18,1
DA:21,1
DA:23,1
DA:24,1
DA:25,1
DA:27,1
DA:28,1
DA:29,1
DA:31,1
DA:32,1
DA:33,1
DA:35,1
DA:36,1
DA:38,1
DA:39,1
DA:49,1
DA:50,10000001
DA:51,10000000
DA:54,1
LF:23
LH:23
end_of_record
TN:
SF:/home/z.allen/cx-git/centrallix-lib/tests/test_b+tree3_21.c
FN:9,free_func
FN:15,test
FNDA:100555,free_func
FNDA:1,test
FNF:2
FNH:2
DA:9,100555
DA:10,100555
DA:11,100555
DA:15,1
DA:18,1
DA:21,1
DA:22,20112
DA:23,20111
DA:25,20111
DA:26,20111
DA:27,20111
DA:28,20111
DA:29,20111
DA:31,20111
DA:32,20111
DA:33,20111
DA:34,20111
DA:35,20111
DA:37,20111
DA:38,20111
DA:41,1
LF:21
LH:21
end_of_record
TN:
SF:/home/z.allen/cx-git/centrallix-lib/tests/test_b+tree3_22.c
FN:9,free_func
FN:15,test
FNDA:100555,free_func
FNDA:1,test
FNF:2
FNH:2
DA:9,100555
DA:10,100555
DA:11,100555
DA:15,1
DA:18,1
DA:21,1
DA:22,20112
DA:24,20111
DA:26,20111
DA:27,20111
DA:28,20111
DA:29,20111
DA:30,20111
DA:32,20111
DA:33,20111
DA:34,20111
DA:35,20111
DA:36,20111
DA:38,20111
DA:39,20111
DA:40,20111
DA:41,20111
DA:42,20111
DA:44,20111
DA:45,20111
DA:48,1
LF:26
LH:26
end_of_record
TN:
SF:/home/z.allen/cx-git/centrallix-lib/tests/test_b+tree3_23.c
FN:9,free_func
FN:15,test
FNDA:100000,free_func
FNDA:1,test
FNF:2
FNH:2
DA:9,100000
DA:10,100000
DA:11,100000
DA:15,1
DA:18,1
DA:21,1
DA:22,20001
DA:24,20000
DA:26,20000
DA:27,20000
DA:28,20000
DA:29,20000
DA:30,20000
DA:32,20000
DA:33,20000
DA:34,20000
DA:35,20000
DA:36,20000
DA:38,20000
DA:39,20000
DA:40,20000
DA:41,20000
DA:42,20000
DA:44,20000
DA:45,20000
DA:48,1
LF:26
LH:26
end_of_record
TN:
SF:/home/z.allen/cx-git/centrallix-lib/tests/test_b+tree3_24.c
FN:9,free_func
FN:15,test
FNDA:1000,free_func
FNDA:1,test
FNF:2
FNH:2
DA:9,1000
DA:10,1000
DA:11,1000
DA:15,1
DA:17,1
DA:18,1
DA:23,1
DA:25,1
DA:27,1001
DA:28,1000
DA:29,1000
DA:31,1000
DA:32,1000
DA:33,1000
DA:37,1
DA:40,1
DA:46,1
DA:47,10000001
DA:48,10000000
DA:53,1
LF:20
LH:20
end_of_record
TN:
SF:/home/z.allen/cx-git/centrallix-lib/tests/test_b+tree3_25.c
FN:9,free_func
FN:14,test
FNDA:0,free_func
FNDA:1,test
FNF:2
FNH:1
DA:9,0
DA:10,0
DA:14,1
DA:17,1
DA:20,1
DA:26,1
DA:27,1
DA:28,1
DA:29,1
DA:30,1
DA:31,1
DA:32,1
DA:33,1
DA:40,1
DA:41,10000001
DA:42,10000000
DA:45,1
LF:17
LH:15
end_of_record
TN:
SF:/home/z.allen/cx-git/centrallix-lib/tests/test_b+tree3_26.c
FN:10,bpt_dummy_freeFn
FN:16,test
FNDA:0,bpt_dummy_freeFn
FNDA:1,test
FNF:2
FNH:1
DA:10,0
DA:11,0
DA:12,0
DA:16,1
DA:18,1
DA:21,1
DA:23,1
DA:24,1
DA:25,1
DA:27,1
DA:28,1
DA:29,1
DA:31,1
DA:32,1
DA:33,1
DA:34,1
DA:37,1
DA:42,1
DA:43,10000001
DA:44,10000000
DA:47,1
LF:21
LH:18
end_of_record
TN:
SF:/home/z.allen/cx-git/centrallix-lib/tests/test_b+tree3_27.c
FN:10,bpt_dummy_freeFn
FN:16,test
FNDA:1,bpt_dummy_freeFn
FNDA:1,test
FNF:2
FNH:2
DA:10,1
DA:11,1
DA:12,1
DA:16,1
DA:18,1
DA:21,1
DA:23,1
DA:24,1
DA:25,1
DA:27,1
DA:28,1
DA:29,1
DA:31,1
DA:32,1
DA:33,1
DA:35,1
DA:36,1
DA:39,1
DA:44,1
DA:45,10000001
DA:46,10000000
DA:49,1
LF:22
LH:22
end_of_record
TN:
SF:/home/z.allen/cx-git/centrallix-lib/tests/test_b+tree3_28.c
FN:9,free_func
FN:15,test
FNDA:0,free_func
FNDA:1,test
FNF:2
FNH:1
DA:9,0
DA:10,0
DA:11,0
DA:15,1
DA:18,1
DA:19,1
DA:23,1
DA:24,1
DA:26,1
DA:27,1
DA:29,1
DA:30,1
DA:32,1
DA:33,1
DA:35,1
DA:36,1
DA:38,1
DA:39,1
DA:41,1
DA:42,1
DA:43,1
DA:44,1
DA:45,1
DA:46,1
DA:48,1
DA:49,1
DA:55,1
DA:56,10000001
DA:57,10000000
DA:62,1
LF:30
LH:27
end_of_record
TN:
SF:/home/z.allen/cx-git/centrallix-lib/tests/test_b+tree3_29.c
FN:9,free_func
FN:15,test
FNDA:0,free_func
FNDA:1,test
FNF:2
FNH:1
DA:9,0
DA:10,0
DA:11,0
DA:15,1
DA:18,1
DA:20,1
DA:21,1
DA:25,1
DA:26,1
DA:28,1
DA:29,1
DA:31,1
DA:32,1
DA:34,1
DA:35,1
DA:37,1
DA:38,1
DA:40,1
DA:41,1
DA:43,1
DA:44,1
DA:45,1
DA:46,1
DA:47,1
DA:48,1
DA:50,1
DA:51,1
DA:52,1
DA:58,1
DA:59,10000001
DA:60,10000000
DA:65,1
LF:32
LH:29
end_of_record
TN:
SF:/home/z.allen/cx-git/centrallix-lib/tests/test_b+tree3_30.c
FN:9,free_func
FN:15,test
FNDA:0,free_func
FNDA:1,test
FNF:2
FNH:1
DA:9,0
DA:10,0
DA:11,0
DA:15,1
DA:18,1
DA:19,1
DA:24,1
DA:25,1
DA:27,1
DA:28,1
DA:30,1
DA:31,1
DA:33,1
DA:34,1
DA:36,1
DA:37,1
DA:39,1
DA:40,1
DA:42,1
DA:43,1
DA:44,1
DA:45,1
DA:46,1
DA:47,1
DA:49,1
DA:50,1
DA:56,1
DA:57,10000001
DA:58,10000000
DA:63,1
LF:30
LH:27
end_of_record
TN:
SF:/home/z.allen/cx-git/centrallix-lib/tests/test_b+tree3_31.c
FN:9,free_func
FN:15,test
FNDA:0,free_func
FNDA:1,test
FNF:2
FNH:1
DA:9,0
DA:10,0
DA:11,0
DA:15,1
DA:18,1
DA:19,1
DA:23,1
DA:24,1
DA:26,1
DA:27,1
DA:29,1
DA:30,1
DA:32,1
DA:33,1
DA:35,1
DA:36,1
DA:38,1
DA:39,1
DA:41,1
DA:42,1
DA:43,1
DA:44,1
DA:45,1
DA:46,1
DA:48,1
DA:49,1
DA:55,1
DA:56,10000001
DA:57,10000000
DA:62,1
LF:30
LH:27
end_of_record
TN:
SF:/home/z.allen/cx-git/centrallix-lib/tests/test_b+tree3_32.c
FN:9,free_func
FN:15,test
FNDA:0,free_func
FNDA:1,test
FNF:2
FNH:1
DA:9,0
DA:10,0
DA:11,0
DA:15,1
DA:18,1
DA:19,1
DA:21,1
DA:25,1
DA:26,1
DA:28,1
DA:29,1
DA:31,1
DA:32,1
DA:34,1
DA:35,1
DA:37,1
DA:38,1
DA:40,1
DA:41,1
DA:43,1
DA:44,1
DA:45,1
DA:46,1
DA:47,1
DA:48,1
DA:50,1
DA:51,1
DA:52,1
DA:58,1
DA:59,10000001
DA:60,10000000
DA:65,1
LF:32
LH:29
end_of_record
TN:
SF:/home/z.allen/cx-git/centrallix-lib/tests/test_b+tree3_33.c
FN:9,free_func
FN:15,test
FNDA:0,free_func
FNDA:1,test
FNF:2
FNH:1
DA:9,0
DA:10,0
DA:11,0
DA:15,1
DA:18,1
DA:19,1
DA:24,1
DA:25,1
DA:27,1
DA:28,1
DA:30,1
DA:31,1
DA:33,1
DA:34,1
DA:36,1
DA:37,1
DA:39,1
DA:40,1
DA:42,1
DA:43,1
DA:44,1
DA:45,1
DA:46,1
DA:47,1
DA:49,1
DA:51,1
DA:57,1
DA:58,10000001
DA:59,10000000
DA:64,1
LF:30
LH:27
end_of_record
TN:
SF:/home/z.allen/cx-git/centrallix-lib/tests/test_b+tree3_34.c
FN:9,free_func
FN:15,test
FNDA:0,free_func
FNDA:1,test
FNF:2
FNH:1
DA:9,0
DA:10,0
DA:11,0
DA:15,1
DA:18,1
DA:20,1
DA:21,1
DA:25,1
DA:26,1
DA:28,1
DA:29,1
DA:31,1
DA:32,1
DA:34,1
DA:35,1
DA:37,1
DA:38,1
DA:40,1
DA:41,1
DA:43,1
DA:44,1
DA:45,1
DA:46,1
DA:47,1
DA:48,1
DA:50,1
DA:51,1
DA:52,1
DA:53,1
DA:54,1
DA:55,1
DA:56,1
DA:57,1
DA:58,1
DA:59,1
DA:60,1
DA:61,1
DA:67,1
DA:68,10000001
DA:69,10000000
DA:74,1
LF:41
LH:38
end_of_record
TN:
SF:/home/z.allen/cx-git/centrallix-lib/tests/test_b+tree3_35.c
FN:9,free_func
FN:15,test
FNDA:0,free_func
FNDA:1,test
FNF:2
FNH:1
DA:9,0
DA:10,0
DA:11,0
DA:15,1
DA:18,1
DA:20,1
DA:21,1
DA:25,1
DA:26,1
DA:28,1
DA:29,1
DA:31,1
DA:32,1
DA:34,1
DA:35,1
DA:37,1
DA:38,1
DA:40,1
DA:41,1
DA:43,1
DA:44,1
DA:45,1
DA:46,1
DA:47,1
DA:48,1
DA:50,1
DA:51,1
DA:52,1
DA:53,1
DA:54,1
DA:55,1
DA:56,1
DA:57,1
DA:58,1
DA:59,1
DA:60,1
DA:61,1
DA:67,1
DA:68,10000001
DA:69,10000000
DA:74,1
LF:41
LH:38
end_of_record
TN:
SF:/home/z.allen/cx-git/centrallix-lib/tests/test_b+tree3_36.c
FN:10,free_func
FN:16,test
FNDA:0,free_func
FNDA:1,test
FNF:2
FNH:1
DA:10,0
DA:11,0
DA:12,0
DA:16,1
DA:18,1
DA:22,1
DA:24,1
DA:28,1
DA:29,1
DA:31,1
DA:32,1
DA:34,1
DA:35,1
DA:37,1
DA:38,1
DA:40,1
DA:41,1
DA:43,1
DA:44,1
DA:46,1
DA:47,1
DA:49,1
DA:50,1
DA:52,1
DA:53,1
DA:55,1
DA:56,1
DA:58,1
DA:59,1
DA:61,1
DA:62,1
DA:64,1
DA:65,1
DA:67,1
DA:68,1
DA:70,1
DA:71,1
DA:73,1
DA:74,1
DA:76,1
DA:77,1
DA:79,1
DA:80,1
DA:83,1
DA:84,1
DA:85,1
DA:86,1
DA:87,1
DA:88,1
DA:89,1
DA:90,1
DA:91,1
DA:92,1
DA:93,1
DA:94,1
DA:95,1
DA:96,1
DA:97,1
DA:98,1
DA:99,1
DA:100,1
DA:102,1
DA:104,1
DA:106,1
DA:107,1
DA:108,1
DA:109,1
DA:110,1
DA:111,1
DA:112,1
DA:113,1
DA:114,1
DA:115,1
DA:116,1
DA:117,1
DA:118,1
DA:119,1
DA:120,1
DA:121,1
DA:122,1
DA:123,1
DA:124,1
DA:125,1
DA:126,1
DA:127,1
DA:128,1
DA:129,1
DA:130,1
DA:131,1
DA:132,1
DA:133,1
DA:134,1
DA:135,1
DA:136,1
DA:137,1
DA:138,1
DA:139,1
DA:140,1
DA:145,1
DA:146,10000001
DA:147,10000000
DA:152,1
LF:102
LH:99
end_of_record
TN:
SF:/home/z.allen/cx-git/centrallix-lib/tests/test_b+tree3_37.c
FN:10,free_func
FN:16,test
FNDA:0,free_func
FNDA:1,test
FNF:2
FNH:1
DA:10,0
DA:11,0
DA:12,0
DA:16,1
DA:18,1
DA:22,1
DA:24,1
DA:28,1
DA:29,1
DA:31,1
DA:32,1
DA:34,1
DA:35,1
DA:37,1
DA:38,1
DA:40,1
DA:41,1
DA:43,1
DA:44,1
DA:46,1
DA:47,1
DA:49,1
DA:50,1
DA:52,1
DA:53,1
DA:55,1
DA:56,1
DA:58,1
DA:59,1
DA:61,1
DA:62,1
DA:64,1
DA:65,1
DA:67,1
DA:68,1
DA:70,1
DA:71,1
DA:73,1
DA:74,1
DA:76,1
DA:77,1
DA:79,1
DA:80,1
DA:83,1
DA:84,1
DA:85,1
DA:86,1
DA:87,1
DA:88,1
DA:89,1
DA:90,1
DA:91,1
DA:92,1
DA:93,1
DA:94,1
DA:95,1
DA:96,1
DA:97,1
DA:98,1
DA:99,1
DA:100,1
DA:102,1
DA:104,1
DA:106,1
DA:107,1
DA:108,1
DA:109,1
DA:110,1
DA:111,1
DA:112,1
DA:113,1
DA:114,1
DA:115,1
DA:116,1
DA:117,1
DA:118,1
DA:119,1
DA:120,1
DA:121,1
DA:122,1
DA:123,1
DA:124,1
DA:125,1
DA:126,1
DA:127,1
DA:128,1
DA:129,1
DA:130,1
DA:131,1
DA:132,1
DA:133,1
DA:134,1
DA:135,1
DA:136,1
DA:137,1
DA:138,1
DA:139,1
DA:140,1
DA:145,1
DA:146,10000001
DA:147,10000000
DA:152,1
LF:102
LH:99
end_of_record
TN:
SF:/home/z.allen/cx-git/centrallix-lib/tests/test_b+tree3_38.c
FN:10,free_func
FN:16,test
FNDA:0,free_func
FNDA:1,test
FNF:2
FNH:1
DA:10,0
DA:11,0
DA:12,0
DA:16,1
DA:18,1
DA:22,1
DA:24,1
DA:28,1
DA:29,1
DA:31,1
DA:32,1
DA:34,1
DA:35,1
DA:37,1
DA:38,1
DA:40,1
DA:41,1
DA:43,1
DA:44,1
DA:46,1
DA:47,1
DA:49,1
DA:50,1
DA:52,1
DA:53,1
DA:55,1
DA:56,1
DA:58,1
DA:59,1
DA:61,1
DA:62,1
DA:64,1
DA:65,1
DA:67,1
DA:68,1
DA:70,1
DA:71,1
DA:73,1
DA:74,1
DA:76,1
DA:77,1
DA:79,1
DA:80,1
DA:83,1
DA:84,1
DA:85,1
DA:86,1
DA:87,1
DA:88,1
DA:89,1
DA:90,1
DA:91,1
DA:92,1
DA:93,1
DA:94,1
DA:95,1
DA:96,1
DA:97,1
DA:98,1
DA:99,1
DA:100,1
DA:102,1
DA:104,1
DA:106,1
DA:107,1
DA:108,1
DA:109,1
DA:110,1
DA:111,1
DA:112,1
DA:113,1
DA:114,1
DA:115,1
DA:116,1
DA:117,1
DA:118,1
DA:119,1
DA:120,1
DA:121,1
DA:122,1
DA:123,1
DA:124,1
DA:125,1
DA:126,1
DA:127,1
DA:128,1
DA:129,1
DA:130,1
DA:131,1
DA:132,1
DA:133,1
DA:134,1
DA:135,1
DA:136,1
DA:137,1
DA:138,1
DA:139,1
DA:140,1
DA:141,1
DA:142,1
DA:147,1
DA:148,10000001
DA:149,10000000
DA:154,1
LF:104
LH:101
end_of_record
TN:
SF:/home/z.allen/cx-git/centrallix-lib/tests/test_b+tree3_39.c
FN:10,free_func
FN:16,test
FNDA:1,free_func
FNDA:1,test
FNF:2
FNH:2
DA:10,1
DA:11,1
DA:12,1
DA:16,1
DA:18,1
DA:22,1
DA:24,1
DA:28,1
DA:29,1
DA:31,1
DA:32,1
DA:34,1
DA:35,1
DA:37,1
DA:38,1
DA:40,1
DA:41,1
DA:43,1
DA:44,1
DA:46,1
DA:47,1
DA:49,1
DA:50,1
DA:52,1
DA:53,1
DA:55,1
DA:56,1
DA:58,1
DA:59,1
DA:61,1
DA:62,1
DA:64,1
DA:65,1
DA:67,1
DA:68,1
DA:70,1
DA:71,1
DA:73,1
DA:74,1
DA:76,1
DA:77,1
DA:79,1
DA:80,1
DA:83,1
DA:84,1
DA:85,1
DA:86,1
DA:87,1
DA:88,1
DA:89,1
DA:90,1
DA:91,1
DA:92,1
DA:93,1
DA:94,1
DA:95,1
DA:96,1
DA:97,1
DA:98,1
DA:99,1
DA:100,1
DA:102,1
DA:104,1
DA:106,1
DA:107,1
DA:108,1
DA:109,1
DA:110,1
DA:111,1
DA:112,1
DA:113,1
DA:114,1
DA:115,1
DA:116,1
DA:117,1
DA:118,1
DA:119,1
DA:120,1
DA:121,1
DA:122,1
DA:123,1
DA:124,1
DA:125,1
DA:126,1
DA:127,1
DA:128,1
DA:129,1
DA:130,1
DA:131,1
DA:132,1
DA:133,1
DA:134,1
DA:135,1
DA:136,1
DA:137,1
DA:138,1
DA:139,1
DA:140,1
DA:142,1
DA:144,1
DA:145,1
DA:147,1
DA:148,1
DA:149,1
DA:150,1
DA:151,1
DA:152,1
DA:153,1
DA:154,1
DA:155,1
DA:156,1
DA:157,1
DA:158,1
DA:159,1
DA:160,1
DA:161,1
DA:162,1
DA:163,1
DA:164,1
DA:165,1
DA:166,1
DA:167,1
DA:168,1
DA:169,1
DA:170,1
DA:171,1
DA:172,1
DA:173,1
DA:174,1
DA:175,1
DA:176,1
DA:177,1
DA:178,1
DA:179,1
DA:186,1
DA:187,10000001
DA:188,10000000
DA:193,1
LF:138
LH:138
end_of_record
TN:
SF:/home/z.allen/cx-git/centrallix-lib/tests/test_b+tree3_40.c
FN:9,free_func
FN:15,test
FNDA:0,free_func
FNDA:1,test
FNF:2
FNH:1
DA:9,0
DA:10,0
DA:11,0
DA:15,1
DA:18,1
DA:19,1
DA:21,1
DA:26,1
DA:27,1
DA:29,1
DA:30,1
DA:32,1
DA:33,1
DA:35,1
DA:36,1
DA:38,1
DA:39,1
DA:41,1
DA:42,1
DA:44,1
DA:45,1
DA:46,1
DA:47,1
DA:48,1
DA:49,1
DA:51,1
DA:53,1
DA:55,1
DA:61,1
DA:62,10000001
DA:63,10000000
DA:68,1
LF:32
LH:29
end_of_record
TN:
SF:/home/z.allen/cx-git/centrallix-lib/tests/test_b+tree3_41.c
FN:9,free_func
FN:15,test
FNDA:0,free_func
FNDA:1,test
FNF:2
FNH:1
DA:9,0
DA:10,0
DA:11,0
DA:15,1
DA:18,1
DA:19,1
DA:21,1
DA:26,1
DA:27,1
DA:29,1
DA:30,1
DA:32,1
DA:33,1
DA:35,1
DA:36,1
DA:38,1
DA:39,1
DA:41,1
DA:42,1
DA:44,1
DA:45,1
DA:46,1
DA:47,1
DA:48,1
DA:49,1
DA:51,1
DA:52,1
DA:54,1
DA:56,1
DA:62,1
DA:63,10000001
DA:64,10000000
DA:69,1
LF:33
LH:30
end_of_record
TN:
SF:/home/z.allen/cx-git/centrallix-lib/tests/test_b+tree3_42.c
FN:9,free_func
FN:15,test
FNDA:0,free_func
FNDA:1,test
FNF:2
FNH:1
DA:9,0
DA:10,0
DA:11,0
DA:15,1
DA:18,1
DA:19,1
DA:21,1
DA:26,1
DA:27,1
DA:29,1
DA:30,1
DA:32,1
DA:33,1
DA:35,1
DA:36,1
DA:38,1
DA:39,1
DA:41,1
DA:42,1
DA:44,1
DA:45,1
DA:46,1
DA:47,1
DA:48,1
DA:49,1
DA:51,1
DA:53,1
DA:55,1
DA:61,1
DA:62,10000001
DA:63,10000000
DA:68,1
LF:32
LH:29
end_of_record
TN:
SF:/home/z.allen/cx-git/centrallix-lib/tests/test_b+tree3_43.c
FN:9,free_func
FN:15,test
FNDA:0,free_func
FNDA:1,test
FNF:2
FNH:1
DA:9,0
DA:10,0
DA:11,0
DA:15,1
DA:18,1
DA:19,1
DA:21,1
DA:26,1
DA:27,1
DA:29,1
DA:30,1
DA:32,1
DA:33,1
DA:35,1
DA:36,1
DA:38,1
DA:39,1
DA:41,1
DA:42,1
DA:44,1
DA:45,1
DA:46,1
DA:47,1
DA:48,1
DA:49,1
DA:51,1
DA:52,1
DA:54,1
DA:56,1
DA:62,1
DA:63,10000001
DA:64,10000000
DA:69,1
LF:33
LH:30
end_of_record
TN:
SF:/home/z.allen/cx-git/centrallix-lib/tests/test_b+tree3_44.c
FN:9,free_func
FN:15,test
FNDA:0,free_func
FNDA:1,test
FNF:2
FNH:1
DA:9,0
DA:10,0
DA:11,0
DA:15,1
DA:18,1
DA:19,1
DA:20,1
DA:27,1
DA:28,10000001
DA:29,10000000
DA:34,1
LF:11
LH:8
end_of_record
TN:
SF:/home/z.allen/cx-git/centrallix-lib/tests/test_b+tree3_45.c
FN:10,free_func
FN:16,test
FNDA:0,free_func
FNDA:1,test
FNF:2
FNH:1
DA:10,0
DA:11,0
DA:12,0
DA:16,1
DA:18,1
DA:22,1
DA:24,1
DA:28,1
DA:29,1
DA:31,1
DA:32,1
DA:34,1
DA:35,1
DA:37,1
DA:38,1
DA:40,1
DA:41,1
DA:43,1
DA:44,1
DA:46,1
DA:47,1
DA:49,1
DA:50,1
DA:52,1
DA:53,1
DA:55,1
DA:56,1
DA:58,1
DA:59,1
DA:61,1
DA:62,1
DA:64,1
DA:65,1
DA:67,1
DA:68,1
DA:70,1
DA:71,1
DA:73,1
DA:74,1
DA:76,1
DA:77,1
DA:79,1
DA:80,1
DA:83,1
DA:84,1
DA:85,1
DA:86,1
DA:87,1
DA:88,1
DA:89,1
DA:90,1
DA:91,1
DA:92,1
DA:93,1
DA:94,1
DA:95,1
DA:96,1
DA:97,1
DA:98,1
DA:99,1
DA:100,1
DA:102,1
DA:104,1
DA:105,1
DA:106,1
DA:107,1
DA:108,1
DA:115,1
DA:116,10000001
DA:117,10000000
DA:122,1
LF:71
LH:68
end_of_record
TN:
SF:/home/z.allen/cx-git/centrallix-lib/tests/test_b+tree3_46.c
FN:10,free_func
FN:16,test
FNDA:0,free_func
FNDA:1,test
FNF:2
FNH:1
DA:10,0
DA:11,0
DA:12,0
DA:16,1
DA:18,1
DA:22,1
DA:24,1
DA:28,1
DA:29,1
DA:31,1
DA:32,1
DA:34,1
DA:35,1
DA:37,1
DA:38,1
DA:40,1
DA:41,1
DA:43,1
DA:44,1
DA:46,1
DA:47,1
DA:49,1
DA:50,1
DA:52,1
DA:53,1
DA:55,1
DA:56,1
DA:58,1
DA:59,1
DA:61,1
DA:62,1
DA:64,1
DA:65,1
DA:67,1
DA:68,1
DA:70,1
DA:71,1
DA:73,1
DA:74,1
DA:76,1
DA:77,1
DA:79,1
DA:80,1
DA:83,1
DA:84,1
DA:85,1
DA:86,1
DA:87,1
DA:88,1
DA:89,1
DA:90,1
DA:91,1
DA:92,1
DA:93,1
DA:94,1
DA:95,1
DA:96,1
DA:97,1
DA:98,1
DA:99,1
DA:100,1
DA:102,1
DA:104,1
DA:105,1
DA:106,1
DA:107,1
DA:108,1
DA:115,1
DA:116,10000001
DA:117,10000000
DA:122,1
LF:71
LH:68
end_of_record
TN:
SF:/home/z.allen/cx-git/centrallix-lib/tests/test_b+tree3_47.c
FN:10,free_func
FN:16,test
FNDA:0,free_func
FNDA:1,test
FNF:2
FNH:1
DA:10,0
DA:11,0
DA:12,0
DA:16,1
DA:18,1
DA:21,1
DA:23,1
DA:27,1
DA:28,1
DA:30,1
DA:31,1
DA:33,1
DA:34,1
DA:36,1
DA:37,1
DA:39,1
DA:40,1
DA:42,1
DA:43,1
DA:45,1
DA:46,1
DA:48,1
DA:49,1
DA:51,1
DA:52,1
DA:54,1
DA:55,1
DA:57,1
DA:58,1
DA:60,1
DA:61,1
DA:63,1
DA:64,1
DA:66,1
DA:67,1
DA:69,1
DA:70,1
DA:72,1
DA:73,1
DA:75,1
DA:76,1
DA:78,1
DA:79,1
DA:82,1
DA:83,1
DA:84,1
DA:85,1
DA:86,1
DA:87,1
DA:88,1
DA:89,1
DA:90,1
DA:91,1
DA:92,1
DA:93,1
DA:94,1
DA:95,1
DA:96,1
DA:97,1
DA:98,1
DA:99,1
DA:101,1
DA:103,1
DA:104,1
DA:105,1
DA:106,1
DA:107,1
DA:114,1
DA:115,10000001
DA:116,10000000
DA:121,1
LF:71
LH:68
end_of_record
TN:
SF:/home/z.allen/cx-git/centrallix-lib/tests/test_b+tree3_48.c
FN:10,free_func
FN:16,test
FNDA:0,free_func
FNDA:1,test
FNF:2
FNH:1
DA:10,0
DA:11,0
DA:12,0
DA:16,1
DA:18,1
DA:21,1
DA:23,1
DA:27,1
DA:28,1
DA:30,1
DA:31,1
DA:33,1
DA:34,1
DA:36,1
DA:37,1
DA:39,1
DA:40,1
DA:42,1
DA:43,1
DA:45,1
DA:46,1
DA:48,1
DA:49,1
DA:51,1
DA:52,1
DA:54,1
DA:55,1
DA:57,1
DA:58,1
DA:60,1
DA:61,1
DA:63,1
DA:64,1
DA:66,1
DA:67,1
DA:69,1
DA:70,1
DA:72,1
DA:73,1
DA:75,1
DA:76,1
DA:78,1
DA:79,1
DA:82,1
DA:83,1
DA:84,1
DA:85,1
DA:86,1
DA:87,1
DA:88,1
DA:89,1
DA:90,1
DA:91,1
DA:92,1
DA:93,1
DA:94,1
DA:95,1
DA:96,1
DA:97,1
DA:98,1
DA:99,1
DA:101,1
DA:103,1
DA:104,1
DA:105,1
DA:106,1
DA:107,1
DA:114,1
DA:115,10000001
DA:116,10000000
DA:121,1
LF:71
LH:68
end_of_record
TN:
SF:/home/z.allen/cx-git/centrallix-lib/tests/test_b+tree3_49.c
FN:7,test
FNDA:1,test
FNF:1
FNH:1
DA:7,1
DA:10,1
DA:12,1
DA:13,1
DA:14,1
DA:15,1
DA:16,1
DA:17,1
DA:18,1
DA:19,1
DA:20,1
DA:21,1
DA:22,1
DA:23,1
DA:25,1
DA:26,1
DA:27,1
DA:28,1
DA:29,1
DA:30,1
DA:31,1
DA:32,1
DA:33,1
DA:34,1
DA:35,1
DA:36,1
DA:38,1
DA:39,1
DA:40,1
DA:41,1
DA:42,1
DA:43,1
DA:44,1
DA:45,1
DA:46,1
DA:47,1
DA:48,1
DA:49,1
DA:54,1
DA:55,10000001
DA:56,10000000
DA:61,1
LF:42
LH:42
end_of_record
TN:
SF:/home/z.allen/cx-git/centrallix-lib/tests/test_b+tree3_50.c
FN:8,free_func
FN:14,test
FNDA:0,free_func
FNDA:1,test
FNF:2
FNH:1
DA:8,0
DA:9,0
DA:10,0
DA:14,1
DA:21,1
DA:38,1
DA:40,1
DA:41,1
DA:42,1
DA:43,1
DA:44,1
DA:45,1
DA:46,1
DA:48,0
DA:49,0
DA:51,0
DA:53,0
LF:17
LH:10
end_of_record
TN:
SF:/home/z.allen/cx-git/centrallix-lib/tests/test_b+tree3_51.c
FN:10,test
FNDA:1,test
FNF:1
FNH:1
DA:10,1
DA:17,1
DA:19,1
DA:21,1
DA:24,1
DA:25,1
DA:26,10000001
DA:28,10000000
DA:32,1
LF:9
LH:9
end_of_record
TN:
SF:/home/z.allen/cx-git/centrallix-lib/tests/test_b+tree3_52.c
FN:10,test
FNDA:1,test
FNF:1
FNH:1
DA:10,1
DA:17,1
DA:19,1
DA:21,1
DA:24,1
DA:25,1
DA:26,10000001
DA:28,10000000
DA:31,1
LF:9
LH:9
end_of_record
TN:
SF:/home/z.allen/cx-git/centrallix-lib/tests/test_b+tree3_53.c
FN:11,test
FNDA:1,test
FNF:1
FNH:1
DA:11,1
DA:16,1
DA:17,1
DA:20,1
DA:22,1
DA:24,1
DA:25,1
DA:26,1
DA:27,1
DA:29,1
DA:30,1
DA:31,10000001
DA:33,10000000
DA:36,1
LF:14
LH:14
end_of_record
TN:
SF:/home/z.allen/cx-git/centrallix-lib/tests/test_b+tree3_54.c
FN:10,bpt_dummy_freeFn
FN:16,test
FNDA:18,bpt_dummy_freeFn
FNDA:1,test
FNF:2
FNH:2
DA:10,18
DA:11,18
DA:12,18
DA:16,1
DA:20,1
DA:21,1
DA:24,1
DA:26,1
DA:28,1
DA:29,1
DA:31,1
DA:32,1
DA:34,1
DA:35,1
DA:37,1
DA:38,1
DA:40,1
DA:41,1
DA:43,1
DA:44,1
DA:46,1
DA:47,1
DA:49,1
DA:50,1
DA:52,1
DA:53,1
DA:55,1
DA:56,1
DA:58,1
DA:59,1
DA:61,1
DA:62,1
DA:64,1
DA:65,1
DA:67,1
DA:68,1
DA:70,1
DA:71,1
DA:73,1
DA:74,1
DA:76,1
DA:77,1
DA:79,1
DA:80,1
DA:83,1
DA:84,1
DA:85,1
DA:86,1
DA:87,1
DA:88,1
DA:89,1
DA:90,1
DA:91,1
DA:92,1
DA:93,1
DA:94,1
DA:95,1
DA:96,1
DA:97,1
DA:98,1
DA:99,1
DA:100,1
DA:102,1
DA:103,1
DA:104,1
DA:105,1
DA:109,1
DA:110,100001112
DA:111,100001111
DA:116,1
LF:70
LH:70
end_of_record
TN:
SF:/home/z.allen/cx-git/centrallix-lib/tests/test_b+tree3_55.c
FN:7,free_func
FN:13,test
FNDA:0,free_func
FNDA:1,test
FNF:2
FNH:1
DA:7,0
DA:8,0
DA:9,0
DA:13,1
DA:17,1
DA:19,1
DA:21,1
DA:22,1
DA:37,1
DA:38,1
DA:40,1
DA:43,1
DA:44,100001101
DA:46,100001100
DA:49,1
LF:15
LH:12
end_of_record
TN:
SF:/home/z.allen/cx-git/centrallix-lib/tests/test_b+tree3_56.c
FN:7,free_func
FN:13,test
FNDA:100,free_func
FNDA:1,test
FNF:2
FNH:2
DA:7,100
DA:8,100
DA:9,100
DA:13,1
DA:17,1
DA:19,1
DA:21,1
DA:22,1
DA:23,1
DA:24,1
DA:25,1
DA:27,1
DA:28,1
DA:29,1
DA:32,1
DA:33,100001101
DA:34,100001100
DA:36,1
LF:18
LH:18
end_of_record
TN:
SF:/home/z.allen/cx-git/centrallix-lib/tests/test_b+tree3_57.c
FN:7,free_func
FN:13,test
FNDA:20000,free_func
FNDA:1,test
FNF:2
FNH:2
DA:7,20000
DA:8,20000
DA:9,20000
DA:13,1
DA:17,1
DA:19,1
DA:24,1
DA:26,1
DA:27,1
DA:28,1
DA:29,2001
DA:31,22000
DA:33,20000
DA:34,20000
DA:35,20000
DA:36,20000
DA:37,20000
DA:38,20000
DA:39,20000
DA:41,20000
DA:42,20000
DA:43,20000
DA:44,150000
DA:46,110000
DA:47,110000
DA:49,20000
DA:51,22000
DA:53,20000
DA:54,20000
DA:55,20000
DA:57,20000
DA:58,20000
DA:60,20000
DA:61,20000
DA:62,20000
DA:63,130000
DA:65,90000
DA:66,90000
DA:68,20000
DA:71,1
LF:40
LH:40
end_of_record
TN:
SF:/home/z.allen/cx-git/centrallix-lib/tests/test_b+tree3_58.c
FN:7,free_func
FN:13,test
FNDA:200000,free_func
FNDA:1,test
FNF:2
FNH:2
DA:7,200000
DA:8,200000
DA:9,200000
DA:13,1
DA:17,1
DA:19,1
DA:24,1
DA:26,1
DA:27,1
DA:28,2001
DA:30,202000
DA:32,200000
DA:33,200000
DA:34,200000
DA:35,200000
DA:36,200000
DA:37,200000
DA:38,200000
DA:40,200000
DA:41,200000
DA:42,200000
DA:43,200000
DA:44,10500000
DA:46,10100000
DA:47,10100000
DA:48,10100000
DA:49,10100000
DA:52,202000
DA:54,200000
DA:55,200000
DA:56,200000
DA:58,200000
DA:59,200000
DA:61,200000
DA:62,200000
DA:63,200000
DA:64,200000
DA:65,10300000
DA:67,9900000
DA:68,9900000
DA:69,9900000
DA:70,9900000
DA:74,1
LF:43
LH:43
end_of_record
TN:
SF:/home/z.allen/cx-git/centrallix-lib/tests/test_b+tree3_59.c
FN:8,free_func
FN:14,test
FNDA:0,free_func
FNDA:1,test
FNF:2
FNH:1
DA:8,0
DA:9,0
DA:10,0
DA:14,1
DA:17,1
DA:19,1
DA:20,1
DA:23,1
DA:24,1
DA:26,1
DA:28,1
DA:31,1
DA:32,100001101
DA:34,100001100
DA:37,1
LF:15
LH:12
end_of_record
TN:
SF:/home/z.allen/cx-git/centrallix-lib/tests/test_b+tree3_60.c
FN:8,free_func
FN:14,test
FNDA:0,free_func
FNDA:1,test
FNF:2
FNH:1
DA:8,0
DA:9,0
DA:10,0
DA:14,1
DA:17,1
DA:19,1
DA:20,1
DA:23,1
DA:24,1
DA:26,1
DA:28,1
DA:29,1
DA:30,1
DA:31,1
DA:34,1
DA:35,100001101
DA:37,100001100
DA:40,1
LF:18
LH:15
end_of_record
TN:
SF:/home/z.allen/cx-git/centrallix-lib/tests/test_b+tree3_61.c
FN:8,free_func
FN:14,test
FNDA:0,free_func
FNDA:1,test
FNF:2
FNH:1
DA:8,0
DA:9,0
DA:10,0
DA:14,1
DA:17,1
DA:19,1
DA:20,1
DA:23,1
DA:24,1
DA:26,1
DA:28,1
DA:30,1
DA:31,100001101
DA:33,100001100
DA:36,1
LF:15
LH:12
end_of_record
TN:
SF:/home/z.allen/cx-git/centrallix-lib/tests/test_b+tree3_62.c
FN:8,free_func
FN:14,test
FNDA:0,free_func
FNDA:1,test
FNF:2
FNH:1
DA:8,0
DA:9,0
DA:10,0
DA:14,1
DA:17,1
DA:19,1
DA:21,1
DA:24,1
DA:25,1
DA:27,1
DA:29,1
DA:30,1
DA:31,1
DA:32,1
DA:34,1
DA:35,100001101
DA:37,100001100
DA:40,1
LF:18
LH:15
end_of_record
TN:
SF:/home/z.allen/cx-git/centrallix-lib/tests/test_b+tree3_63.c
FN:8,free_func
FN:14,test
FNDA:0,free_func
FNDA:1,test
FNF:2
FNH:1
DA:8,0
DA:9,0
DA:10,0
DA:14,1
DA:17,1
DA:19,1
DA:23,1
DA:24,1
DA:26,1
DA:27,1
DA:29,1
DA:32,1
DA:35,1
DA:36,100001101
DA:38,100001100
DA:41,1
LF:16
LH:13
end_of_record
TN:
SF:/home/z.allen/cx-git/centrallix-lib/tests/test_b+tree3_64.c
FN:8,free_func
FN:14,test
FNDA:0,free_func
FNDA:1,test
FNF:2
FNH:1
DA:8,0
DA:9,0
DA:10,0
DA:14,1
DA:17,1
DA:19,1
DA:23,1
DA:24,1
DA:26,1
DA:27,1
DA:29,1
DA:32,1
DA:35,1
DA:36,100001101
DA:38,100001100
DA:41,1
LF:16
LH:13
end_of_record
TN:
SF:/home/z.allen/cx-git/centrallix-lib/tests/test_b+tree3_65.c
FN:8,free_func
FN:14,test
FNDA:0,free_func
FNDA:1,test
FNF:2
FNH:1
DA:8,0
DA:9,0
DA:10,0
DA:14,1
DA:17,1
DA:19,1
DA:20,1
DA:23,1
DA:24,1
DA:26,1
DA:27,1
DA:29,1
DA:32,1
DA:34,1
DA:36,1
DA:40,1
DA:41,100001101
DA:43,100001100
DA:46,1
LF:19
LH:16
end_of_record
TN:
SF:/home/z.allen/cx-git/centrallix-lib/tests/test_b+tree3_66.c
FN:8,free_func
FN:14,test
FNDA:0,free_func
FNDA:1,test
FNF:2
FNH:1
DA:8,0
DA:9,0
DA:10,0
DA:14,1
DA:17,1
DA:19,1
DA:20,1
DA:23,1
DA:24,1
DA:26,1
DA:27,1
DA:29,1
DA:31,1
DA:33,1
DA:35,1
DA:39,1
DA:40,100001101
DA:42,100001100
DA:45,1
LF:19
LH:16
end_of_record
TN:
SF:/home/z.allen/cx-git/centrallix-lib/tests/test_b+tree3_68.c
FN:9,free_func
FN:15,test
FNDA:0,free_func
FNDA:1,test
FNF:2
FNH:1
DA:9,0
DA:10,0
DA:11,0
DA:15,1
DA:17,1
DA:20,1
DA:22,1
DA:26,1
DA:27,1
DA:29,1
DA:30,1
DA:32,1
DA:33,1
DA:35,1
DA:36,1
DA:38,1
DA:39,1
DA:41,1
DA:42,1
DA:44,1
DA:45,1
DA:47,1
DA:48,1
DA:50,1
DA:51,1
DA:53,1
DA:54,1
DA:56,1
DA:57,1
DA:59,1
DA:60,1
DA:62,1
DA:63,1
DA:65,1
DA:66,1
DA:68,1
DA:69,1
DA:71,1
DA:72,1
DA:74,1
DA:75,1
DA:77,1
DA:78,1
DA:81,1
DA:82,1
DA:83,1
DA:84,1
DA:85,1
DA:86,1
DA:87,1
DA:88,1
DA:89,1
DA:90,1
DA:91,1
DA:92,1
DA:93,1
DA:94,1
DA:95,1
DA:96,1
DA:97,1
DA:98,1
DA:100,1
DA:102,1
DA:103,1
DA:105,1
DA:107,1
DA:108,1
DA:115,1
DA:116,10000001
DA:117,10000000
DA:122,1
LF:71
LH:68
end_of_record
TN:
SF:/home/z.allen/cx-git/centrallix-lib/tests/test_b+tree3_69.c
FN:9,free_func
FN:15,test
FNDA:0,free_func
FNDA:1,test
FNF:2
FNH:1
DA:9,0
DA:10,0
DA:11,0
DA:15,1
DA:17,1
DA:20,1
DA:22,1
DA:26,1
DA:27,1
DA:29,1
DA:30,1
DA:32,1
DA:33,1
DA:35,1
DA:36,1
DA:38,1
DA:39,1
DA:41,1
DA:42,1
DA:44,1
DA:45,1
DA:47,1
DA:48,1
DA:50,1
DA:51,1
DA:53,1
DA:54,1
DA:56,1
DA:57,1
DA:59,1
DA:60,1
DA:62,1
DA:63,1
DA:65,1
DA:66,1
DA:68,1
DA:69,1
DA:71,1
DA:72,1
DA:74,1
DA:75,1
DA:77,1
DA:78,1
DA:81,1
DA:82,1
DA:83,1
DA:84,1
DA:85,1
DA:86,1
DA:87,1
DA:88,1
DA:89,1
DA:90,1
DA:91,1
DA:92,1
DA:93,1
DA:94,1
DA:95,1
DA:96,1
DA:97,1
DA:98,1
DA:100,1
DA:102,1
DA:103,1
DA:105,1
DA:107,1
DA:108,1
DA:115,1
DA:116,10000001
DA:117,10000000
DA:122,1
LF:71
LH:68
end_of_record
TN:
SF:/home/z.allen/cx-git/centrallix-lib/tests/test_b+tree3_70.c
FN:9,free_func
FN:15,test
FNDA:0,free_func
FNDA:1,test
FNF:2
FNH:1
DA:9,0
DA:10,0
DA:11,0
DA:15,1
DA:17,1
DA:21,1
DA:23,1
DA:27,1
DA:28,1
DA:30,1
DA:31,1
DA:33,1
DA:34,1
DA:36,1
DA:37,1
DA:39,1
DA:40,1
DA:42,1
DA:43,1
DA:45,1
DA:46,1
DA:48,1
DA:49,1
DA:51,1
DA:52,1
DA:54,1
DA:55,1
DA:57,1
DA:58,1
DA:60,1
DA:61,1
DA:63,1
DA:64,1
DA:66,1
DA:67,1
DA:69,1
DA:70,1
DA:72,1
DA:73,1
DA:75,1
DA:76,1
DA:78,1
DA:79,1
DA:82,1
DA:83,1
DA:84,1
DA:85,1
DA:86,1
DA:87,1
DA:88,1
DA:89,1
DA:90,1
DA:91,1
DA:92,1
DA:93,1
DA:94,1
DA:95,1
DA:96,1
DA:97,1
DA:98,1
DA:99,1
DA:101,1
DA:103,1
DA:104,1
DA:106,1
DA:108,1
DA:110,1
DA:117,1
DA:118,10000001
DA:119,10000000
DA:124,1
LF:71
LH:68
end_of_record
TN:
SF:/home/z.allen/cx-git/centrallix-lib/tests/test_b+tree3_71.c
FN:9,free_func
FN:15,test
FNDA:0,free_func
FNDA:1,test
FNF:2
FNH:1
DA:9,0
DA:10,0
DA:11,0
DA:15,1
DA:17,1
DA:20,1
DA:22,1
DA:26,1
DA:27,1
DA:29,1
DA:30,1
DA:32,1
DA:33,1
DA:35,1
DA:36,1
DA:38,1
DA:39,1
DA:41,1
DA:42,1
DA:44,1
DA:45,1
DA:47,1
DA:48,1
DA:50,1
DA:51,1
DA:53,1
DA:54,1
DA:56,1
DA:57,1
DA:59,1
DA:60,1
DA:62,1
DA:63,1
DA:65,1
DA:66,1
DA:68,1
DA:69,1
DA:71,1
DA:72,1
DA:74,1
DA:75,1
DA:77,1
DA:78,1
DA:81,1
DA:82,1
DA:83,1
DA:84,1
DA:85,1
DA:86,1
DA:87,1
DA:88,1
DA:89,1
DA:90,1
DA:91,1
DA:92,1
DA:93,1
DA:94,1
DA:95,1
DA:96,1
DA:97,1
DA:98,1
DA:100,1
DA:102,1
DA:103,1
DA:107,1
DA:109,1
DA:116,1
DA:117,10000001
DA:118,10000000
DA:123,1
LF:70
LH:67
end_of_record
TN:
SF:/home/z.allen/cx-git/centrallix-lib/tests/test_b+tree3_72.c
FN:9,free_func
FN:15,test
FNDA:0,free_func
FNDA:1,test
FNF:2
FNH:1
DA:9,0
DA:10,0
DA:11,0
DA:15,1
DA:17,1
DA:20,1
DA:22,1
DA:26,1
DA:27,1
DA:29,1
DA:30,1
DA:32,1
DA:33,1
DA:35,1
DA:36,1
DA:38,1
DA:39,1
DA:41,1
DA:42,1
DA:44,1
DA:45,1
DA:47,1
DA:48,1
DA:50,1
DA:51,1
DA:53,1
DA:54,1
DA:56,1
DA:57,1
DA:59,1
DA:60,1
DA:62,1
DA:63,1
DA:65,1
DA:66,1
DA:68,1
DA:69,1
DA:71,1
DA:72,1
DA:74,1
DA:75,1
DA:77,1
DA:78,1
DA:81,1
DA:82,1
DA:83,1
DA:84,1
DA:85,1
DA:86,1
DA:87,1
DA:88,1
DA:89,1
DA:90,1
DA:91,1
DA:92,1
DA:93,1
DA:94,1
DA:95,1
DA:96,1
DA:97,1
DA:98,1
DA:100,1
DA:101,1
DA:103,1
DA:104,1
DA:108,1
DA:110,1
DA:117,1
DA:118,10000001
DA:119,10000000
DA:124,1
LF:71
LH:68
end_of_record
TN:
SF:/home/z.allen/cx-git/centrallix-lib/tests/test_b+tree3_73.c
FN:9,free_func
FN:15,test
FNDA:0,free_func
FNDA:1,test
FNF:2
FNH:1
DA:9,0
DA:10,0
DA:11,0
DA:15,1
DA:17,1
DA:20,1
DA:22,1
DA:26,1
DA:27,1
DA:29,1
DA:30,1
DA:32,1
DA:33,1
DA:35,1
DA:36,1
DA:38,1
DA:39,1
DA:41,1
DA:42,1
DA:44,1
DA:45,1
DA:47,1
DA:48,1
DA:50,1
DA:51,1
DA:53,1
DA:54,1
DA:56,1
DA:57,1
DA:59,1
DA:60,1
DA:62,1
DA:63,1
DA:65,1
DA:66,1
DA:68,1
DA:69,1
DA:71,1
DA:72,1
DA:74,1
DA:75,1
DA:77,1
DA:78,1
DA:81,1
DA:82,1
DA:83,1
DA:84,1
DA:85,1
DA:86,1
DA:87,1
DA:88,1
DA:89,1
DA:90,1
DA:91,1
DA:92,1
DA:93,1
DA:94,1
DA:95,1
DA:96,1
DA:97,1
DA:98,1
DA:100,1
DA:102,1
DA:103,1
DA:107,1
DA:109,1
DA:116,1
DA:117,10000001
DA:118,10000000
DA:123,1
LF:70
LH:67
end_of_record
TN:
SF:/home/z.allen/cx-git/centrallix-lib/tests/test_b+tree3_74.c
FN:8,free_func
FN:14,test
FNDA:30,free_func
FNDA:1,test
FNF:2
FNH:2
DA:8,30
DA:9,30
DA:10,30
DA:14,1
DA:17,1
DA:19,1
DA:20,1
DA:23,1
DA:24,1
DA:30,1
DA:32,1
DA:34,1
DA:36,1
DA:38,1
DA:40,1
DA:42,1
DA:44,1
DA:46,1
DA:48,1
DA:50,1
DA:52,1
DA:54,1
DA:56,1
DA:58,1
DA:60,1
DA:62,1
DA:64,1
DA:66,1
DA:68,1
DA:70,1
DA:72,1
DA:74,1
DA:76,1
DA:78,1
DA:80,1
DA:82,1
DA:84,1
DA:86,1
DA:88,1
DA:90,1
DA:92,1
DA:93,100001101
DA:95,100001100
DA:98,1
LF:44
LH:44
end_of_record
TN:
SF:/home/z.allen/cx-git/centrallix-lib/tests/test_b+tree2_01.c
FN:10,bpt_dummy_freeFn
FN:16,test
FNDA:338,bpt_dummy_freeFn
FNDA:1,test
FNF:2
FNH:2
DA:10,338
DA:11,338
DA:12,338
DA:16,1
DA:18,1
DA:22,1
DA:23,1
DA:24,1
DA:25,1
DA:33,1
DA:35,1
DA:36,1
DA:37,1
DA:38,1
DA:39,1
DA:40,1
DA:41,5
DA:43,3
DA:44,3
DA:46,1
DA:47,1
DA:49,416
DA:51,415
DA:52,415
DA:53,415
DA:54,415
DA:55,415
DA:56,415
DA:58,415
DA:60,0
DA:61,0
DA:63,0
DA:67,415
DA:69,1
DA:72,6535
DA:74,6533
DA:75,6533
DA:76,6533
DA:77,6533
DA:79,6533
DA:81,0
DA:82,0
DA:84,0
DA:85,0
DA:92,6533
DA:94,1
DA:98,1
DA:99,1
DA:100,1
DA:101,1
DA:103,1
DA:104,100001101
DA:106,100001100
DA:112,1
LF:54
LH:47
end_of_record
